  [4;36;1mSQL (0.007207)[0m   [0;1mCREATE TABLE schema_info (version integer)[0m
  [4;35;1mSQL (0.002233)[0m   [0mINSERT INTO schema_info (version) VALUES(0)[0m
  [4;36;1mSQL (0.000000)[0m   [0;1mSQLite3::SQLException: table schema_info already exists: CREATE TABLE schema_info (version integer)[0m
  [4;35;1mSQL (0.000457)[0m   [0mSELECT version FROM schema_info[0m
Migrating to CreateResults (1)
  [4;36;1mSQL (0.003589)[0m   [0;1mCREATE TABLE results ("id" INTEGER PRIMARY KEY NOT NULL, "cws" varchar(255) DEFAULT NULL, "builder" varchar(255) DEFAULT NULL, "host" varchar(255) DEFAULT NULL, "data" text DEFAULT NULL, "created_at" datetime DEFAULT NULL) [0m
  [4;35;1mSQL (0.002764)[0m   [0mUPDATE schema_info SET version = 1[0m
  [4;36;1mSQL (0.000382)[0m   [0;1mSELECT * FROM schema_info[0m
  [4;35;1mSQL (0.000335)[0m   [0mSELECT name FROM sqlite_master WHERE type = 'table'[0m
  [4;36;1mSQL (0.000129)[0m   [0;1mPRAGMA index_list(results)[0m
  [4;36;1mSQL (0.007576)[0m   [0;1mCREATE TABLE schema_info (version integer)[0m
  [4;35;1mSQL (0.002132)[0m   [0mINSERT INTO schema_info (version) VALUES(0)[0m
  [4;36;1mSQL (0.000000)[0m   [0;1mSQLite3::SQLException: table schema_info already exists: CREATE TABLE schema_info (version integer)[0m
  [4;35;1mSQL (0.000491)[0m   [0mSELECT version FROM schema_info[0m
Migrating to CreateResults (1)
  [4;36;1mSQL (0.003477)[0m   [0;1mCREATE TABLE results ("id" INTEGER PRIMARY KEY NOT NULL, "cws" varchar(255) DEFAULT NULL, "builder" varchar(255) DEFAULT NULL, "host" varchar(255) DEFAULT NULL, "build_number" integer DEFAULT NULL, "data_type" varchar(255) DEFAULT NULL, "data" text DEFAULT NULL, "created_at" datetime DEFAULT NULL) [0m
  [4;35;1mSQL (0.003060)[0m   [0mUPDATE schema_info SET version = 1[0m
  [4;36;1mSQL (0.000396)[0m   [0;1mSELECT * FROM schema_info[0m
  [4;35;1mSQL (0.000348)[0m   [0mSELECT name FROM sqlite_master WHERE type = 'table'[0m
  [4;36;1mSQL (0.000110)[0m   [0;1mPRAGMA index_list(results)[0m
  [4;36;1mSQL (0.009049)[0m   [0;1mCREATE TABLE schema_info (version integer)[0m
  [4;35;1mSQL (0.002107)[0m   [0mINSERT INTO schema_info (version) VALUES(0)[0m
  [4;36;1mSQL (0.000000)[0m   [0;1mSQLite3::SQLException: table schema_info already exists: CREATE TABLE schema_info (version integer)[0m
  [4;35;1mSQL (0.000491)[0m   [0mSELECT version FROM schema_info[0m
Migrating to CreateResults (1)
  [4;36;1mSQL (0.002889)[0m   [0;1mCREATE TABLE results ("id" INTEGER PRIMARY KEY NOT NULL, "pws" varchar(255) DEFAULT NULL, "cws" varchar(255) DEFAULT NULL, "builder" varchar(255) DEFAULT NULL, "host" varchar(255) DEFAULT NULL, "build_number" integer DEFAULT NULL, "data_type" varchar(255) DEFAULT NULL, "data" text DEFAULT NULL, "created_at" datetime DEFAULT NULL) [0m
  [4;35;1mSQL (0.002912)[0m   [0mUPDATE schema_info SET version = 1[0m
  [4;36;1mSQL (0.000398)[0m   [0;1mSELECT * FROM schema_info[0m
  [4;35;1mSQL (0.000356)[0m   [0mSELECT name FROM sqlite_master WHERE type = 'table'[0m
  [4;36;1mSQL (0.000107)[0m   [0;1mPRAGMA index_list(results)[0m
  [4;36;1mSQL (0.001291)[0m   [0;1mSELECT * FROM schema_info[0m
  [4;35;1mSQL (0.000495)[0m   [0mSELECT name FROM sqlite_master WHERE type = 'table'[0m
  [4;36;1mSQL (0.000117)[0m   [0;1mPRAGMA index_list(results)[0m
  [4;35;1mSQL (0.000000)[0m   [0mSQLite3::SQLException: no such table: results: DROP TABLE results[0m
  [4;36;1mSQL (0.006856)[0m   [0;1mCREATE TABLE results ("id" INTEGER PRIMARY KEY NOT NULL, "pws" varchar(255) DEFAULT NULL, "cws" varchar(255) DEFAULT NULL, "builder" varchar(255) DEFAULT NULL, "host" varchar(255) DEFAULT NULL, "build_number" integer DEFAULT NULL, "data_type" varchar(255) DEFAULT NULL, "data" text DEFAULT NULL, "created_at" datetime DEFAULT NULL) [0m
  [4;35;1mSQL (0.002555)[0m   [0mCREATE TABLE schema_info (version integer)[0m
  [4;36;1mSQL (0.002147)[0m   [0;1mINSERT INTO schema_info (version) VALUES(0)[0m
  [4;35;1mSQL (0.002034)[0m   [0mUPDATE schema_info SET version = 1[0m
  [4;36;1mSQL (0.001294)[0m   [0;1mSELECT * FROM schema_info[0m
  [4;35;1mSQL (0.000509)[0m   [0mSELECT name FROM sqlite_master WHERE type = 'table'[0m
  [4;36;1mSQL (0.000118)[0m   [0;1mPRAGMA index_list(results)[0m
  [4;35;1mSQL (0.000000)[0m   [0mSQLite3::SQLException: no such table: results: DROP TABLE results[0m
  [4;36;1mSQL (0.007955)[0m   [0;1mCREATE TABLE results ("id" INTEGER PRIMARY KEY NOT NULL, "pws" varchar(255) DEFAULT NULL, "cws" varchar(255) DEFAULT NULL, "builder" varchar(255) DEFAULT NULL, "host" varchar(255) DEFAULT NULL, "build_number" integer DEFAULT NULL, "data_type" varchar(255) DEFAULT NULL, "data" text DEFAULT NULL, "created_at" datetime DEFAULT NULL) [0m
  [4;35;1mSQL (0.002595)[0m   [0mCREATE TABLE schema_info (version integer)[0m
  [4;36;1mSQL (0.002257)[0m   [0;1mINSERT INTO schema_info (version) VALUES(0)[0m
  [4;35;1mSQL (0.002158)[0m   [0mUPDATE schema_info SET version = 1[0m
  [4;36;1mSQL (0.001307)[0m   [0;1mSELECT * FROM schema_info[0m
  [4;35;1mSQL (0.000507)[0m   [0mSELECT name FROM sqlite_master WHERE type = 'table'[0m
  [4;36;1mSQL (0.000119)[0m   [0;1mPRAGMA index_list(results)[0m
  [4;35;1mSQL (0.000000)[0m   [0mSQLite3::SQLException: no such table: results: DROP TABLE results[0m
  [4;36;1mSQL (0.007050)[0m   [0;1mCREATE TABLE results ("id" INTEGER PRIMARY KEY NOT NULL, "pws" varchar(255) DEFAULT NULL, "cws" varchar(255) DEFAULT NULL, "builder" varchar(255) DEFAULT NULL, "host" varchar(255) DEFAULT NULL, "build_number" integer DEFAULT NULL, "data_type" varchar(255) DEFAULT NULL, "data" text DEFAULT NULL, "created_at" datetime DEFAULT NULL) [0m
  [4;35;1mSQL (0.002627)[0m   [0mCREATE TABLE schema_info (version integer)[0m
  [4;36;1mSQL (0.002159)[0m   [0;1mINSERT INTO schema_info (version) VALUES(0)[0m
  [4;35;1mSQL (0.002120)[0m   [0mUPDATE schema_info SET version = 1[0m
  [4;36;1mSQL (0.001293)[0m   [0;1mSELECT * FROM schema_info[0m
  [4;35;1mSQL (0.000496)[0m   [0mSELECT name FROM sqlite_master WHERE type = 'table'[0m
  [4;36;1mSQL (0.000106)[0m   [0;1mPRAGMA index_list(results)[0m
  [4;35;1mSQL (0.000000)[0m   [0mSQLite3::SQLException: no such table: results: DROP TABLE results[0m
  [4;36;1mSQL (0.007803)[0m   [0;1mCREATE TABLE results ("id" INTEGER PRIMARY KEY NOT NULL, "pws" varchar(255) DEFAULT NULL, "cws" varchar(255) DEFAULT NULL, "builder" varchar(255) DEFAULT NULL, "host" varchar(255) DEFAULT NULL, "build_number" integer DEFAULT NULL, "data_type" varchar(255) DEFAULT NULL, "data" text DEFAULT NULL, "created_at" datetime DEFAULT NULL) [0m
  [4;35;1mSQL (0.002628)[0m   [0mCREATE TABLE schema_info (version integer)[0m
  [4;36;1mSQL (0.002138)[0m   [0;1mINSERT INTO schema_info (version) VALUES(0)[0m
  [4;35;1mSQL (0.002127)[0m   [0mUPDATE schema_info SET version = 1[0m
  [4;36;1mSQL (0.001403)[0m   [0;1mSELECT * FROM schema_info[0m
  [4;35;1mSQL (0.000505)[0m   [0mSELECT name FROM sqlite_master WHERE type = 'table'[0m
  [4;36;1mSQL (0.000110)[0m   [0;1mPRAGMA index_list(results)[0m
  [4;35;1mSQL (0.000000)[0m   [0mSQLite3::SQLException: no such table: results: DROP TABLE results[0m
  [4;36;1mSQL (0.014035)[0m   [0;1mCREATE TABLE results ("id" INTEGER PRIMARY KEY NOT NULL, "pws" varchar(255) DEFAULT NULL, "cws" varchar(255) DEFAULT NULL, "builder" varchar(255) DEFAULT NULL, "host" varchar(255) DEFAULT NULL, "build_number" integer DEFAULT NULL, "data_type" varchar(255) DEFAULT NULL, "data" text DEFAULT NULL, "created_at" datetime DEFAULT NULL) [0m
  [4;35;1mSQL (0.002656)[0m   [0mCREATE TABLE schema_info (version integer)[0m
  [4;36;1mSQL (0.002146)[0m   [0;1mINSERT INTO schema_info (version) VALUES(0)[0m
  [4;35;1mSQL (0.002110)[0m   [0mUPDATE schema_info SET version = 1[0m
  [4;36;1mSQL (0.001317)[0m   [0;1mSELECT * FROM schema_info[0m
  [4;35;1mSQL (0.000505)[0m   [0mSELECT name FROM sqlite_master WHERE type = 'table'[0m
  [4;36;1mSQL (0.000108)[0m   [0;1mPRAGMA index_list(results)[0m
  [4;35;1mSQL (0.000000)[0m   [0mSQLite3::SQLException: no such table: results: DROP TABLE results[0m
  [4;36;1mSQL (0.009701)[0m   [0;1mCREATE TABLE results ("id" INTEGER PRIMARY KEY NOT NULL, "pws" varchar(255) DEFAULT NULL, "cws" varchar(255) DEFAULT NULL, "builder" varchar(255) DEFAULT NULL, "host" varchar(255) DEFAULT NULL, "build_number" integer DEFAULT NULL, "data_type" varchar(255) DEFAULT NULL, "data" text DEFAULT NULL, "created_at" datetime DEFAULT NULL) [0m
  [4;35;1mSQL (0.002597)[0m   [0mCREATE TABLE schema_info (version integer)[0m
  [4;36;1mSQL (0.002192)[0m   [0;1mINSERT INTO schema_info (version) VALUES(0)[0m
  [4;35;1mSQL (0.002147)[0m   [0mUPDATE schema_info SET version = 1[0m
  [4;36;1mSQL (0.001320)[0m   [0;1mSELECT * FROM schema_info[0m
  [4;35;1mSQL (0.000499)[0m   [0mSELECT name FROM sqlite_master WHERE type = 'table'[0m
  [4;36;1mSQL (0.000108)[0m   [0;1mPRAGMA index_list(results)[0m
  [4;35;1mSQL (0.000000)[0m   [0mSQLite3::SQLException: no such table: results: DROP TABLE results[0m
  [4;36;1mSQL (0.008090)[0m   [0;1mCREATE TABLE results ("id" INTEGER PRIMARY KEY NOT NULL, "pws" varchar(255) DEFAULT NULL, "cws" varchar(255) DEFAULT NULL, "builder" varchar(255) DEFAULT NULL, "host" varchar(255) DEFAULT NULL, "build_number" integer DEFAULT NULL, "data_type" varchar(255) DEFAULT NULL, "data" text DEFAULT NULL, "created_at" datetime DEFAULT NULL) [0m
  [4;35;1mSQL (0.002589)[0m   [0mCREATE TABLE schema_info (version integer)[0m
  [4;36;1mSQL (0.002136)[0m   [0;1mINSERT INTO schema_info (version) VALUES(0)[0m
  [4;35;1mSQL (0.002113)[0m   [0mUPDATE schema_info SET version = 1[0m
  [4;36;1mSQL (0.001356)[0m   [0;1mSELECT * FROM schema_info[0m
  [4;35;1mSQL (0.000524)[0m   [0mSELECT name FROM sqlite_master WHERE type = 'table'[0m
  [4;36;1mSQL (0.000108)[0m   [0;1mPRAGMA index_list(results)[0m
  [4;35;1mSQL (0.000000)[0m   [0mSQLite3::SQLException: no such table: results: DROP TABLE results[0m
  [4;36;1mSQL (0.011304)[0m   [0;1mCREATE TABLE results ("id" INTEGER PRIMARY KEY NOT NULL, "pws" varchar(255) DEFAULT NULL, "cws" varchar(255) DEFAULT NULL, "builder" varchar(255) DEFAULT NULL, "host" varchar(255) DEFAULT NULL, "build_number" integer DEFAULT NULL, "data_type" varchar(255) DEFAULT NULL, "data" text DEFAULT NULL, "created_at" datetime DEFAULT NULL) [0m
  [4;35;1mSQL (0.002574)[0m   [0mCREATE TABLE schema_info (version integer)[0m
  [4;36;1mSQL (0.002164)[0m   [0;1mINSERT INTO schema_info (version) VALUES(0)[0m
  [4;35;1mSQL (0.002143)[0m   [0mUPDATE schema_info SET version = 1[0m
  [4;36;1mSQL (0.001286)[0m   [0;1mSELECT * FROM schema_info[0m
  [4;35;1mSQL (0.000504)[0m   [0mSELECT name FROM sqlite_master WHERE type = 'table'[0m
  [4;36;1mSQL (0.000112)[0m   [0;1mPRAGMA index_list(results)[0m
  [4;35;1mSQL (0.000000)[0m   [0mSQLite3::SQLException: no such table: results: DROP TABLE results[0m
  [4;36;1mSQL (0.007208)[0m   [0;1mCREATE TABLE results ("id" INTEGER PRIMARY KEY NOT NULL, "pws" varchar(255) DEFAULT NULL, "cws" varchar(255) DEFAULT NULL, "builder" varchar(255) DEFAULT NULL, "host" varchar(255) DEFAULT NULL, "build_number" integer DEFAULT NULL, "data_type" varchar(255) DEFAULT NULL, "data" text DEFAULT NULL, "created_at" datetime DEFAULT NULL) [0m
  [4;35;1mSQL (0.002634)[0m   [0mCREATE TABLE schema_info (version integer)[0m
  [4;36;1mSQL (0.002113)[0m   [0;1mINSERT INTO schema_info (version) VALUES(0)[0m
  [4;35;1mSQL (0.002111)[0m   [0mUPDATE schema_info SET version = 1[0m
  [4;36;1mSQL (0.001279)[0m   [0;1mSELECT * FROM schema_info[0m
  [4;35;1mSQL (0.000496)[0m   [0mSELECT name FROM sqlite_master WHERE type = 'table'[0m
  [4;36;1mSQL (0.000109)[0m   [0;1mPRAGMA index_list(results)[0m
  [4;35;1mSQL (0.000000)[0m   [0mSQLite3::SQLException: no such table: results: DROP TABLE results[0m
  [4;36;1mSQL (0.009176)[0m   [0;1mCREATE TABLE results ("id" INTEGER PRIMARY KEY NOT NULL, "pws" varchar(255) DEFAULT NULL, "cws" varchar(255) DEFAULT NULL, "builder" varchar(255) DEFAULT NULL, "host" varchar(255) DEFAULT NULL, "build_number" integer DEFAULT NULL, "data_type" varchar(255) DEFAULT NULL, "data" text DEFAULT NULL, "created_at" datetime DEFAULT NULL) [0m
  [4;35;1mSQL (0.002612)[0m   [0mCREATE TABLE schema_info (version integer)[0m
  [4;36;1mSQL (0.002157)[0m   [0;1mINSERT INTO schema_info (version) VALUES(0)[0m
  [4;35;1mSQL (0.002127)[0m   [0mUPDATE schema_info SET version = 1[0m
  [4;36;1mSQL (0.001306)[0m   [0;1mSELECT * FROM schema_info[0m
  [4;35;1mSQL (0.000505)[0m   [0mSELECT name FROM sqlite_master WHERE type = 'table'[0m
  [4;36;1mSQL (0.000110)[0m   [0;1mPRAGMA index_list(results)[0m
  [4;35;1mSQL (0.000000)[0m   [0mSQLite3::SQLException: no such table: results: DROP TABLE results[0m
  [4;36;1mSQL (0.008012)[0m   [0;1mCREATE TABLE results ("id" INTEGER PRIMARY KEY NOT NULL, "pws" varchar(255) DEFAULT NULL, "cws" varchar(255) DEFAULT NULL, "builder" varchar(255) DEFAULT NULL, "host" varchar(255) DEFAULT NULL, "build_number" integer DEFAULT NULL, "data_type" varchar(255) DEFAULT NULL, "data" text DEFAULT NULL, "created_at" datetime DEFAULT NULL) [0m
  [4;35;1mSQL (0.002590)[0m   [0mCREATE TABLE schema_info (version integer)[0m
  [4;36;1mSQL (0.002087)[0m   [0;1mINSERT INTO schema_info (version) VALUES(0)[0m
  [4;35;1mSQL (0.002100)[0m   [0mUPDATE schema_info SET version = 1[0m
  [4;36;1mSQL (0.001291)[0m   [0;1mSELECT * FROM schema_info[0m
  [4;35;1mSQL (0.000506)[0m   [0mSELECT name FROM sqlite_master WHERE type = 'table'[0m
  [4;36;1mSQL (0.000111)[0m   [0;1mPRAGMA index_list(results)[0m
  [4;35;1mSQL (0.000000)[0m   [0mSQLite3::SQLException: no such table: results: DROP TABLE results[0m
  [4;36;1mSQL (0.009540)[0m   [0;1mCREATE TABLE results ("id" INTEGER PRIMARY KEY NOT NULL, "pws" varchar(255) DEFAULT NULL, "cws" varchar(255) DEFAULT NULL, "builder" varchar(255) DEFAULT NULL, "host" varchar(255) DEFAULT NULL, "build_number" integer DEFAULT NULL, "data_type" varchar(255) DEFAULT NULL, "data" text DEFAULT NULL, "created_at" datetime DEFAULT NULL) [0m
  [4;35;1mSQL (0.002623)[0m   [0mCREATE TABLE schema_info (version integer)[0m
  [4;36;1mSQL (0.002138)[0m   [0;1mINSERT INTO schema_info (version) VALUES(0)[0m
  [4;35;1mSQL (0.002115)[0m   [0mUPDATE schema_info SET version = 1[0m
  [4;36;1mSQL (0.001303)[0m   [0;1mSELECT * FROM schema_info[0m
  [4;35;1mSQL (0.000511)[0m   [0mSELECT name FROM sqlite_master WHERE type = 'table'[0m
  [4;36;1mSQL (0.000108)[0m   [0;1mPRAGMA index_list(results)[0m
  [4;35;1mSQL (0.000000)[0m   [0mSQLite3::SQLException: no such table: results: DROP TABLE results[0m
  [4;36;1mSQL (0.007072)[0m   [0;1mCREATE TABLE results ("id" INTEGER PRIMARY KEY NOT NULL, "pws" varchar(255) DEFAULT NULL, "cws" varchar(255) DEFAULT NULL, "builder" varchar(255) DEFAULT NULL, "host" varchar(255) DEFAULT NULL, "build_number" integer DEFAULT NULL, "data_type" varchar(255) DEFAULT NULL, "data" text DEFAULT NULL, "created_at" datetime DEFAULT NULL) [0m
  [4;35;1mSQL (0.002624)[0m   [0mCREATE TABLE schema_info (version integer)[0m
  [4;36;1mSQL (0.002187)[0m   [0;1mINSERT INTO schema_info (version) VALUES(0)[0m
  [4;35;1mSQL (0.002086)[0m   [0mUPDATE schema_info SET version = 1[0m
  [4;36;1mSQL (0.001319)[0m   [0;1mSELECT * FROM schema_info[0m
  [4;35;1mSQL (0.000505)[0m   [0mSELECT name FROM sqlite_master WHERE type = 'table'[0m
  [4;36;1mSQL (0.000109)[0m   [0;1mPRAGMA index_list(results)[0m
  [4;35;1mSQL (0.000000)[0m   [0mSQLite3::SQLException: no such table: results: DROP TABLE results[0m
  [4;36;1mSQL (0.007343)[0m   [0;1mCREATE TABLE results ("id" INTEGER PRIMARY KEY NOT NULL, "pws" varchar(255) DEFAULT NULL, "cws" varchar(255) DEFAULT NULL, "builder" varchar(255) DEFAULT NULL, "host" varchar(255) DEFAULT NULL, "build_number" integer DEFAULT NULL, "data_type" varchar(255) DEFAULT NULL, "data" text DEFAULT NULL, "created_at" datetime DEFAULT NULL) [0m
  [4;35;1mSQL (0.002578)[0m   [0mCREATE TABLE schema_info (version integer)[0m
  [4;36;1mSQL (0.002177)[0m   [0;1mINSERT INTO schema_info (version) VALUES(0)[0m
  [4;35;1mSQL (0.002189)[0m   [0mUPDATE schema_info SET version = 1[0m
  [4;36;1mSQL (0.001304)[0m   [0;1mSELECT * FROM schema_info[0m
  [4;35;1mSQL (0.000498)[0m   [0mSELECT name FROM sqlite_master WHERE type = 'table'[0m
  [4;36;1mSQL (0.000106)[0m   [0;1mPRAGMA index_list(results)[0m
  [4;35;1mSQL (0.000000)[0m   [0mSQLite3::SQLException: no such table: results: DROP TABLE results[0m
  [4;36;1mSQL (0.011664)[0m   [0;1mCREATE TABLE results ("id" INTEGER PRIMARY KEY NOT NULL, "pws" varchar(255) DEFAULT NULL, "cws" varchar(255) DEFAULT NULL, "builder" varchar(255) DEFAULT NULL, "host" varchar(255) DEFAULT NULL, "build_number" integer DEFAULT NULL, "data_type" varchar(255) DEFAULT NULL, "data" text DEFAULT NULL, "created_at" datetime DEFAULT NULL) [0m
  [4;35;1mSQL (0.002610)[0m   [0mCREATE TABLE schema_info (version integer)[0m
  [4;36;1mSQL (0.002151)[0m   [0;1mINSERT INTO schema_info (version) VALUES(0)[0m
  [4;35;1mSQL (0.002079)[0m   [0mUPDATE schema_info SET version = 1[0m
  [4;36;1mSQL (0.001291)[0m   [0;1mSELECT * FROM schema_info[0m
  [4;35;1mSQL (0.000515)[0m   [0mSELECT name FROM sqlite_master WHERE type = 'table'[0m
  [4;36;1mSQL (0.000109)[0m   [0;1mPRAGMA index_list(results)[0m
  [4;35;1mSQL (0.000000)[0m   [0mSQLite3::SQLException: no such table: results: DROP TABLE results[0m
  [4;36;1mSQL (0.007216)[0m   [0;1mCREATE TABLE results ("id" INTEGER PRIMARY KEY NOT NULL, "pws" varchar(255) DEFAULT NULL, "cws" varchar(255) DEFAULT NULL, "builder" varchar(255) DEFAULT NULL, "host" varchar(255) DEFAULT NULL, "build_number" integer DEFAULT NULL, "data_type" varchar(255) DEFAULT NULL, "data" text DEFAULT NULL, "created_at" datetime DEFAULT NULL) [0m
  [4;35;1mSQL (0.002605)[0m   [0mCREATE TABLE schema_info (version integer)[0m
  [4;36;1mSQL (0.002165)[0m   [0;1mINSERT INTO schema_info (version) VALUES(0)[0m
  [4;35;1mSQL (0.002097)[0m   [0mUPDATE schema_info SET version = 1[0m
  [4;36;1mSQL (0.001287)[0m   [0;1mSELECT * FROM schema_info[0m
  [4;35;1mSQL (0.000497)[0m   [0mSELECT name FROM sqlite_master WHERE type = 'table'[0m
  [4;36;1mSQL (0.000117)[0m   [0;1mPRAGMA index_list(results)[0m
  [4;35;1mSQL (0.000000)[0m   [0mSQLite3::SQLException: no such table: results: DROP TABLE results[0m
  [4;36;1mSQL (0.007027)[0m   [0;1mCREATE TABLE results ("id" INTEGER PRIMARY KEY NOT NULL, "pws" varchar(255) DEFAULT NULL, "cws" varchar(255) DEFAULT NULL, "builder" varchar(255) DEFAULT NULL, "host" varchar(255) DEFAULT NULL, "build_number" integer DEFAULT NULL, "data_type" varchar(255) DEFAULT NULL, "data" text DEFAULT NULL, "created_at" datetime DEFAULT NULL) [0m
  [4;35;1mSQL (0.002558)[0m   [0mCREATE TABLE schema_info (version integer)[0m
  [4;36;1mSQL (0.002085)[0m   [0;1mINSERT INTO schema_info (version) VALUES(0)[0m
  [4;35;1mSQL (0.002119)[0m   [0mUPDATE schema_info SET version = 1[0m
  [4;36;1mSQL (0.001368)[0m   [0;1mSELECT * FROM schema_info[0m
  [4;35;1mSQL (0.000480)[0m   [0mSELECT name FROM sqlite_master WHERE type = 'table'[0m
  [4;36;1mSQL (0.000126)[0m   [0;1mPRAGMA index_list(results)[0m
  [4;35;1mSQL (0.000000)[0m   [0mSQLite3::SQLException: no such table: results: DROP TABLE results[0m
  [4;36;1mSQL (0.007891)[0m   [0;1mCREATE TABLE results ("id" INTEGER PRIMARY KEY NOT NULL, "pws" varchar(255) DEFAULT NULL, "cws" varchar(255) DEFAULT NULL, "builder" varchar(255) DEFAULT NULL, "host" varchar(255) DEFAULT NULL, "build_number" integer DEFAULT NULL, "data_type" varchar(255) DEFAULT NULL, "data" text DEFAULT NULL, "created_at" datetime DEFAULT NULL) [0m
  [4;35;1mSQL (0.002673)[0m   [0mCREATE TABLE schema_info (version integer)[0m
  [4;36;1mSQL (0.002156)[0m   [0;1mINSERT INTO schema_info (version) VALUES(0)[0m
  [4;35;1mSQL (0.002537)[0m   [0mUPDATE schema_info SET version = 1[0m
  [4;36;1mSQL (0.001381)[0m   [0;1mSELECT * FROM schema_info[0m
  [4;35;1mSQL (0.000476)[0m   [0mSELECT name FROM sqlite_master WHERE type = 'table'[0m
  [4;36;1mSQL (0.000106)[0m   [0;1mPRAGMA index_list(results)[0m
  [4;35;1mSQL (0.000000)[0m   [0mSQLite3::SQLException: no such table: results: DROP TABLE results[0m
  [4;36;1mSQL (0.005709)[0m   [0;1mCREATE TABLE results ("id" INTEGER PRIMARY KEY NOT NULL, "pws" varchar(255) DEFAULT NULL, "cws" varchar(255) DEFAULT NULL, "builder" varchar(255) DEFAULT NULL, "host" varchar(255) DEFAULT NULL, "build_number" integer DEFAULT NULL, "data_type" varchar(255) DEFAULT NULL, "data" text DEFAULT NULL, "created_at" datetime DEFAULT NULL) [0m
  [4;35;1mSQL (0.002656)[0m   [0mCREATE TABLE schema_info (version integer)[0m
  [4;36;1mSQL (0.002165)[0m   [0;1mINSERT INTO schema_info (version) VALUES(0)[0m
  [4;35;1mSQL (0.002088)[0m   [0mUPDATE schema_info SET version = 1[0m
  [4;36;1mSQL (0.001365)[0m   [0;1mSELECT * FROM schema_info[0m
  [4;35;1mSQL (0.000494)[0m   [0mSELECT name FROM sqlite_master WHERE type = 'table'[0m
  [4;36;1mSQL (0.000107)[0m   [0;1mPRAGMA index_list(results)[0m
  [4;35;1mSQL (0.000000)[0m   [0mSQLite3::SQLException: no such table: results: DROP TABLE results[0m
  [4;36;1mSQL (0.007328)[0m   [0;1mCREATE TABLE results ("id" INTEGER PRIMARY KEY NOT NULL, "pws" varchar(255) DEFAULT NULL, "cws" varchar(255) DEFAULT NULL, "builder" varchar(255) DEFAULT NULL, "host" varchar(255) DEFAULT NULL, "build_number" integer DEFAULT NULL, "data_type" varchar(255) DEFAULT NULL, "data" text DEFAULT NULL, "created_at" datetime DEFAULT NULL) [0m
  [4;35;1mSQL (0.002641)[0m   [0mCREATE TABLE schema_info (version integer)[0m
  [4;36;1mSQL (0.002161)[0m   [0;1mINSERT INTO schema_info (version) VALUES(0)[0m
  [4;35;1mSQL (0.002106)[0m   [0mUPDATE schema_info SET version = 1[0m
  [4;36;1mSQL (0.001387)[0m   [0;1mSELECT * FROM schema_info[0m
  [4;35;1mSQL (0.000480)[0m   [0mSELECT name FROM sqlite_master WHERE type = 'table'[0m
  [4;36;1mSQL (0.000101)[0m   [0;1mPRAGMA index_list(results)[0m
  [4;35;1mSQL (0.000000)[0m   [0mSQLite3::SQLException: no such table: results: DROP TABLE results[0m
  [4;36;1mSQL (0.009886)[0m   [0;1mCREATE TABLE results ("id" INTEGER PRIMARY KEY NOT NULL, "pws" varchar(255) DEFAULT NULL, "cws" varchar(255) DEFAULT NULL, "builder" varchar(255) DEFAULT NULL, "host" varchar(255) DEFAULT NULL, "build_number" integer DEFAULT NULL, "data_type" varchar(255) DEFAULT NULL, "data" text DEFAULT NULL, "created_at" datetime DEFAULT NULL) [0m
  [4;35;1mSQL (0.002618)[0m   [0mCREATE TABLE schema_info (version integer)[0m
  [4;36;1mSQL (0.002135)[0m   [0;1mINSERT INTO schema_info (version) VALUES(0)[0m
  [4;35;1mSQL (0.002104)[0m   [0mUPDATE schema_info SET version = 1[0m
  [4;36;1mSQL (0.001369)[0m   [0;1mSELECT * FROM schema_info[0m
  [4;35;1mSQL (0.000484)[0m   [0mSELECT name FROM sqlite_master WHERE type = 'table'[0m
  [4;36;1mSQL (0.000099)[0m   [0;1mPRAGMA index_list(results)[0m
  [4;35;1mSQL (0.000000)[0m   [0mSQLite3::SQLException: no such table: results: DROP TABLE results[0m
  [4;36;1mSQL (0.004091)[0m   [0;1mCREATE TABLE results ("id" INTEGER PRIMARY KEY NOT NULL, "pws" varchar(255) DEFAULT NULL, "cws" varchar(255) DEFAULT NULL, "builder" varchar(255) DEFAULT NULL, "host" varchar(255) DEFAULT NULL, "build_number" integer DEFAULT NULL, "data_type" varchar(255) DEFAULT NULL, "data" text DEFAULT NULL, "created_at" datetime DEFAULT NULL) [0m
  [4;35;1mSQL (0.002566)[0m   [0mCREATE TABLE schema_info (version integer)[0m
  [4;36;1mSQL (0.002116)[0m   [0;1mINSERT INTO schema_info (version) VALUES(0)[0m
  [4;35;1mSQL (0.002075)[0m   [0mUPDATE schema_info SET version = 1[0m
  [4;36;1mSQL (0.001398)[0m   [0;1mSELECT * FROM schema_info[0m
  [4;35;1mSQL (0.000483)[0m   [0mSELECT name FROM sqlite_master WHERE type = 'table'[0m
  [4;36;1mSQL (0.000099)[0m   [0;1mPRAGMA index_list(results)[0m
  [4;35;1mSQL (0.000000)[0m   [0mSQLite3::SQLException: no such table: results: DROP TABLE results[0m
  [4;36;1mSQL (0.012362)[0m   [0;1mCREATE TABLE results ("id" INTEGER PRIMARY KEY NOT NULL, "pws" varchar(255) DEFAULT NULL, "cws" varchar(255) DEFAULT NULL, "builder" varchar(255) DEFAULT NULL, "host" varchar(255) DEFAULT NULL, "build_number" integer DEFAULT NULL, "data_type" varchar(255) DEFAULT NULL, "data" text DEFAULT NULL, "created_at" datetime DEFAULT NULL) [0m
  [4;35;1mSQL (0.002743)[0m   [0mCREATE TABLE schema_info (version integer)[0m
  [4;36;1mSQL (0.002126)[0m   [0;1mINSERT INTO schema_info (version) VALUES(0)[0m
  [4;35;1mSQL (0.002155)[0m   [0mUPDATE schema_info SET version = 1[0m
  [4;36;1mSQL (0.001377)[0m   [0;1mSELECT * FROM schema_info[0m
  [4;35;1mSQL (0.000481)[0m   [0mSELECT name FROM sqlite_master WHERE type = 'table'[0m
  [4;36;1mSQL (0.000106)[0m   [0;1mPRAGMA index_list(results)[0m
  [4;35;1mSQL (0.000000)[0m   [0mSQLite3::SQLException: no such table: results: DROP TABLE results[0m
  [4;36;1mSQL (0.004578)[0m   [0;1mCREATE TABLE results ("id" INTEGER PRIMARY KEY NOT NULL, "pws" varchar(255) DEFAULT NULL, "cws" varchar(255) DEFAULT NULL, "builder" varchar(255) DEFAULT NULL, "host" varchar(255) DEFAULT NULL, "build_number" integer DEFAULT NULL, "data_type" varchar(255) DEFAULT NULL, "data" text DEFAULT NULL, "created_at" datetime DEFAULT NULL) [0m
  [4;35;1mSQL (0.002612)[0m   [0mCREATE TABLE schema_info (version integer)[0m
  [4;36;1mSQL (0.002182)[0m   [0;1mINSERT INTO schema_info (version) VALUES(0)[0m
  [4;35;1mSQL (0.002133)[0m   [0mUPDATE schema_info SET version = 1[0m
  [4;36;1mSQL (0.001445)[0m   [0;1mSELECT * FROM schema_info[0m
  [4;35;1mSQL (0.000553)[0m   [0mSELECT name FROM sqlite_master WHERE type = 'table'[0m
  [4;36;1mSQL (0.000097)[0m   [0;1mPRAGMA index_list(results)[0m
  [4;35;1mSQL (0.000000)[0m   [0mSQLite3::SQLException: no such table: results: DROP TABLE results[0m
  [4;36;1mSQL (0.014802)[0m   [0;1mCREATE TABLE results ("id" INTEGER PRIMARY KEY NOT NULL, "pws" varchar(255) DEFAULT NULL, "cws" varchar(255) DEFAULT NULL, "builder" varchar(255) DEFAULT NULL, "host" varchar(255) DEFAULT NULL, "build_number" integer DEFAULT NULL, "data_type" varchar(255) DEFAULT NULL, "data" text DEFAULT NULL, "created_at" datetime DEFAULT NULL) [0m
  [4;35;1mSQL (0.002635)[0m   [0mCREATE TABLE schema_info (version integer)[0m
  [4;36;1mSQL (0.002173)[0m   [0;1mINSERT INTO schema_info (version) VALUES(0)[0m
  [4;35;1mSQL (0.002086)[0m   [0mUPDATE schema_info SET version = 1[0m
  [4;36;1mSQL (0.001397)[0m   [0;1mSELECT * FROM schema_info[0m
  [4;35;1mSQL (0.000479)[0m   [0mSELECT name FROM sqlite_master WHERE type = 'table'[0m
  [4;36;1mSQL (0.000105)[0m   [0;1mPRAGMA index_list(results)[0m
  [4;35;1mSQL (0.000000)[0m   [0mSQLite3::SQLException: no such table: results: DROP TABLE results[0m
  [4;36;1mSQL (0.010106)[0m   [0;1mCREATE TABLE results ("id" INTEGER PRIMARY KEY NOT NULL, "pws" varchar(255) DEFAULT NULL, "cws" varchar(255) DEFAULT NULL, "builder" varchar(255) DEFAULT NULL, "host" varchar(255) DEFAULT NULL, "build_number" integer DEFAULT NULL, "data_type" varchar(255) DEFAULT NULL, "data" text DEFAULT NULL, "created_at" datetime DEFAULT NULL) [0m
  [4;35;1mSQL (0.002598)[0m   [0mCREATE TABLE schema_info (version integer)[0m
  [4;36;1mSQL (0.002149)[0m   [0;1mINSERT INTO schema_info (version) VALUES(0)[0m
  [4;35;1mSQL (0.002079)[0m   [0mUPDATE schema_info SET version = 1[0m
  [4;36;1mSQL (0.001409)[0m   [0;1mSELECT * FROM schema_info[0m
  [4;35;1mSQL (0.000499)[0m   [0mSELECT name FROM sqlite_master WHERE type = 'table'[0m
  [4;36;1mSQL (0.000106)[0m   [0;1mPRAGMA index_list(results)[0m
  [4;35;1mSQL (0.000000)[0m   [0mSQLite3::SQLException: no such table: results: DROP TABLE results[0m
  [4;36;1mSQL (0.007401)[0m   [0;1mCREATE TABLE results ("id" INTEGER PRIMARY KEY NOT NULL, "pws" varchar(255) DEFAULT NULL, "cws" varchar(255) DEFAULT NULL, "builder" varchar(255) DEFAULT NULL, "host" varchar(255) DEFAULT NULL, "build_number" integer DEFAULT NULL, "data_type" varchar(255) DEFAULT NULL, "data" text DEFAULT NULL, "created_at" datetime DEFAULT NULL) [0m
  [4;35;1mSQL (0.002610)[0m   [0mCREATE TABLE schema_info (version integer)[0m
  [4;36;1mSQL (0.002185)[0m   [0;1mINSERT INTO schema_info (version) VALUES(0)[0m
  [4;35;1mSQL (0.002122)[0m   [0mUPDATE schema_info SET version = 1[0m
  [4;36;1mSQL (0.001484)[0m   [0;1mSELECT * FROM schema_info[0m
  [4;35;1mSQL (0.000485)[0m   [0mSELECT name FROM sqlite_master WHERE type = 'table'[0m
  [4;36;1mSQL (0.000098)[0m   [0;1mPRAGMA index_list(results)[0m
  [4;35;1mSQL (0.000000)[0m   [0mSQLite3::SQLException: no such table: results: DROP TABLE results[0m
  [4;36;1mSQL (0.007659)[0m   [0;1mCREATE TABLE results ("id" INTEGER PRIMARY KEY NOT NULL, "pws" varchar(255) DEFAULT NULL, "cws" varchar(255) DEFAULT NULL, "builder" varchar(255) DEFAULT NULL, "host" varchar(255) DEFAULT NULL, "build_number" integer DEFAULT NULL, "data_type" varchar(255) DEFAULT NULL, "data" text DEFAULT NULL, "created_at" datetime DEFAULT NULL) [0m
  [4;35;1mSQL (0.002623)[0m   [0mCREATE TABLE schema_info (version integer)[0m
  [4;36;1mSQL (0.002132)[0m   [0;1mINSERT INTO schema_info (version) VALUES(0)[0m
  [4;35;1mSQL (0.002105)[0m   [0mUPDATE schema_info SET version = 1[0m
  [4;36;1mSQL (0.001377)[0m   [0;1mSELECT * FROM schema_info[0m
  [4;35;1mSQL (0.000478)[0m   [0mSELECT name FROM sqlite_master WHERE type = 'table'[0m
  [4;36;1mSQL (0.000121)[0m   [0;1mPRAGMA index_list(results)[0m
  [4;35;1mSQL (0.000000)[0m   [0mSQLite3::SQLException: no such table: results: DROP TABLE results[0m
  [4;36;1mSQL (0.004395)[0m   [0;1mCREATE TABLE results ("id" INTEGER PRIMARY KEY NOT NULL, "pws" varchar(255) DEFAULT NULL, "cws" varchar(255) DEFAULT NULL, "builder" varchar(255) DEFAULT NULL, "host" varchar(255) DEFAULT NULL, "build_number" integer DEFAULT NULL, "data_type" varchar(255) DEFAULT NULL, "data" text DEFAULT NULL, "created_at" datetime DEFAULT NULL) [0m
  [4;35;1mSQL (0.002638)[0m   [0mCREATE TABLE schema_info (version integer)[0m
  [4;36;1mSQL (0.002124)[0m   [0;1mINSERT INTO schema_info (version) VALUES(0)[0m
  [4;35;1mSQL (0.002077)[0m   [0mUPDATE schema_info SET version = 1[0m
  [4;36;1mSQL (0.000000)[0m   [0;1mSQLite3::SQLException: table schema_info already exists: CREATE TABLE schema_info (version integer)[0m
  [4;35;1mSQL (0.000000)[0m   [0mSQLite3::SQLException: table schema_info already exists: CREATE TABLE schema_info (version integer)[0m
  [4;36;1mSQL (0.000574)[0m   [0;1mSELECT version FROM schema_info[0m
  [4;35;1mSQL (0.000406)[0m   [0mSELECT * FROM schema_info[0m
  [4;36;1mSQL (0.000484)[0m   [0;1mSELECT name FROM sqlite_master WHERE type = 'table'[0m
  [4;35;1mSQL (0.000113)[0m   [0mPRAGMA index_list(results)[0m
  [4;36;1mSQL (0.001396)[0m   [0;1mSELECT * FROM schema_info[0m
  [4;35;1mSQL (0.000468)[0m   [0mSELECT name FROM sqlite_master WHERE type = 'table'[0m
  [4;36;1mSQL (0.000101)[0m   [0;1mPRAGMA index_list(results)[0m
  [4;35;1mSQL (0.000000)[0m   [0mSQLite3::SQLException: no such table: results: DROP TABLE results[0m
  [4;36;1mSQL (0.007348)[0m   [0;1mCREATE TABLE results ("id" INTEGER PRIMARY KEY NOT NULL, "pws" varchar(255) DEFAULT NULL, "cws" varchar(255) DEFAULT NULL, "builder" varchar(255) DEFAULT NULL, "host" varchar(255) DEFAULT NULL, "build_number" integer DEFAULT NULL, "data_type" varchar(255) DEFAULT NULL, "data" text DEFAULT NULL, "created_at" datetime DEFAULT NULL) [0m
  [4;35;1mSQL (0.002636)[0m   [0mCREATE TABLE schema_info (version integer)[0m
  [4;36;1mSQL (0.002164)[0m   [0;1mINSERT INTO schema_info (version) VALUES(0)[0m
  [4;35;1mSQL (0.002122)[0m   [0mUPDATE schema_info SET version = 1[0m
  [4;36;1mSQL (0.009026)[0m   [0;1mCREATE TABLE schema_info (version integer)[0m
  [4;35;1mSQL (0.002119)[0m   [0mINSERT INTO schema_info (version) VALUES(0)[0m
  [4;36;1mSQL (0.000000)[0m   [0;1mSQLite3::SQLException: table schema_info already exists: CREATE TABLE schema_info (version integer)[0m
  [4;35;1mSQL (0.000503)[0m   [0mSELECT version FROM schema_info[0m
Migrating to CreateResults (1)
  [4;36;1mSQL (0.003942)[0m   [0;1mCREATE TABLE results ("id" INTEGER PRIMARY KEY NOT NULL, "pws" varchar(255) DEFAULT NULL, "cws" varchar(255) DEFAULT NULL, "builder" varchar(255) DEFAULT NULL, "host" varchar(255) DEFAULT NULL, "build_number" integer DEFAULT NULL, "data_type" varchar(255) DEFAULT NULL, "data" text DEFAULT NULL, "created_at" datetime DEFAULT NULL) [0m
  [4;35;1mSQL (0.002849)[0m   [0mUPDATE schema_info SET version = 1[0m
  [4;36;1mSQL (0.000394)[0m   [0;1mSELECT * FROM schema_info[0m
  [4;35;1mSQL (0.000377)[0m   [0mSELECT name FROM sqlite_master WHERE type = 'table'[0m
  [4;36;1mSQL (0.000115)[0m   [0;1mPRAGMA index_list(results)[0m
  [4;36;1mSQL (0.030426)[0m   [0;1mCREATE TABLE schema_info (version integer)[0m
  [4;35;1mSQL (0.002247)[0m   [0mINSERT INTO schema_info (version) VALUES(0)[0m
  [4;36;1mSQL (0.000000)[0m   [0;1mSQLite3::SQLException: table schema_info already exists: CREATE TABLE schema_info (version integer)[0m
  [4;35;1mSQL (0.000492)[0m   [0mSELECT version FROM schema_info[0m
Migrating to CreateResults (1)
  [4;36;1mSQL (0.003498)[0m   [0;1mCREATE TABLE results ("id" INTEGER PRIMARY KEY NOT NULL, "pws" varchar(255) DEFAULT NULL, "cws" varchar(255) DEFAULT NULL, "builder" varchar(255) DEFAULT NULL, "host" varchar(255) DEFAULT NULL, "build_number" integer DEFAULT NULL, "data_type" varchar(255) DEFAULT NULL, "data" text DEFAULT NULL, "created_at" datetime DEFAULT NULL) [0m
  [4;35;1mSQL (0.002659)[0m   [0mUPDATE schema_info SET version = 1[0m
  [4;36;1mSQL (0.000416)[0m   [0;1mSELECT * FROM schema_info[0m
  [4;35;1mSQL (0.000336)[0m   [0mSELECT name FROM sqlite_master WHERE type = 'table'[0m
  [4;36;1mSQL (0.000123)[0m   [0;1mPRAGMA index_list(results)[0m
  [4;36;1mSQL (0.001398)[0m   [0;1mSELECT * FROM schema_info[0m
  [4;35;1mSQL (0.000485)[0m   [0mSELECT name FROM sqlite_master WHERE type = 'table'[0m
  [4;36;1mSQL (0.000100)[0m   [0;1mPRAGMA index_list(results)[0m
  [4;35;1mSQL (0.000000)[0m   [0mSQLite3::SQLException: no such table: results: DROP TABLE results[0m
  [4;36;1mSQL (0.006535)[0m   [0;1mCREATE TABLE results ("id" INTEGER PRIMARY KEY NOT NULL, "pws" varchar(255) DEFAULT NULL, "cws" varchar(255) DEFAULT NULL, "builder" varchar(255) DEFAULT NULL, "host" varchar(255) DEFAULT NULL, "build_number" integer DEFAULT NULL, "data_type" varchar(255) DEFAULT NULL, "data" text DEFAULT NULL, "created_at" datetime DEFAULT NULL) [0m
  [4;35;1mSQL (0.002813)[0m   [0mCREATE TABLE schema_info (version integer)[0m
  [4;36;1mSQL (0.002127)[0m   [0;1mINSERT INTO schema_info (version) VALUES(0)[0m
  [4;35;1mSQL (0.002095)[0m   [0mUPDATE schema_info SET version = 1[0m
  [4;36;1mSQL (0.001408)[0m   [0;1mSELECT * FROM schema_info[0m
  [4;35;1mSQL (0.000482)[0m   [0mSELECT name FROM sqlite_master WHERE type = 'table'[0m
  [4;36;1mSQL (0.000104)[0m   [0;1mPRAGMA index_list(results)[0m
  [4;35;1mSQL (0.000000)[0m   [0mSQLite3::SQLException: no such table: results: DROP TABLE results[0m
  [4;36;1mSQL (0.009082)[0m   [0;1mCREATE TABLE results ("id" INTEGER PRIMARY KEY NOT NULL, "pws" varchar(255) DEFAULT NULL, "cws" varchar(255) DEFAULT NULL, "builder" varchar(255) DEFAULT NULL, "host" varchar(255) DEFAULT NULL, "build_number" integer DEFAULT NULL, "data_type" varchar(255) DEFAULT NULL, "data" text DEFAULT NULL, "created_at" datetime DEFAULT NULL) [0m
  [4;35;1mSQL (0.002583)[0m   [0mCREATE TABLE schema_info (version integer)[0m
  [4;36;1mSQL (0.002303)[0m   [0;1mINSERT INTO schema_info (version) VALUES(0)[0m
  [4;35;1mSQL (0.002139)[0m   [0mUPDATE schema_info SET version = 1[0m
  [4;36;1mSQL (0.001370)[0m   [0;1mSELECT * FROM schema_info[0m
  [4;35;1mSQL (0.000494)[0m   [0mSELECT name FROM sqlite_master WHERE type = 'table'[0m
  [4;36;1mSQL (0.000099)[0m   [0;1mPRAGMA index_list(results)[0m
  [4;35;1mSQL (0.000000)[0m   [0mSQLite3::SQLException: no such table: results: DROP TABLE results[0m
  [4;36;1mSQL (0.011084)[0m   [0;1mCREATE TABLE results ("id" INTEGER PRIMARY KEY NOT NULL, "pws" varchar(255) DEFAULT NULL, "cws" varchar(255) DEFAULT NULL, "builder" varchar(255) DEFAULT NULL, "host" varchar(255) DEFAULT NULL, "build_number" integer DEFAULT NULL, "data_type" varchar(255) DEFAULT NULL, "data" text DEFAULT NULL, "created_at" datetime DEFAULT NULL) [0m
  [4;35;1mSQL (0.002671)[0m   [0mCREATE TABLE schema_info (version integer)[0m
  [4;36;1mSQL (0.002164)[0m   [0;1mINSERT INTO schema_info (version) VALUES(0)[0m
  [4;35;1mSQL (0.002150)[0m   [0mUPDATE schema_info SET version = 1[0m
  [4;36;1mSQL (0.001375)[0m   [0;1mSELECT * FROM schema_info[0m
  [4;35;1mSQL (0.000573)[0m   [0mSELECT name FROM sqlite_master WHERE type = 'table'[0m
  [4;36;1mSQL (0.000102)[0m   [0;1mPRAGMA index_list(results)[0m
  [4;35;1mSQL (0.000000)[0m   [0mSQLite3::SQLException: no such table: results: DROP TABLE results[0m
  [4;36;1mSQL (0.020359)[0m   [0;1mCREATE TABLE results ("id" INTEGER PRIMARY KEY NOT NULL, "pws" varchar(255) DEFAULT NULL, "cws" varchar(255) DEFAULT NULL, "builder" varchar(255) DEFAULT NULL, "host" varchar(255) DEFAULT NULL, "build_number" integer DEFAULT NULL, "data_type" varchar(255) DEFAULT NULL, "data" text DEFAULT NULL, "created_at" datetime DEFAULT NULL) [0m
  [4;35;1mSQL (0.002816)[0m   [0mCREATE TABLE schema_info (version integer)[0m
  [4;36;1mSQL (0.002281)[0m   [0;1mINSERT INTO schema_info (version) VALUES(0)[0m
  [4;35;1mSQL (0.002261)[0m   [0mUPDATE schema_info SET version = 1[0m
  [4;36;1mSQL (0.001428)[0m   [0;1mSELECT * FROM schema_info[0m
  [4;35;1mSQL (0.000507)[0m   [0mSELECT name FROM sqlite_master WHERE type = 'table'[0m
  [4;36;1mSQL (0.000113)[0m   [0;1mPRAGMA index_list(results)[0m
  [4;35;1mSQL (0.000000)[0m   [0mSQLite3::SQLException: no such table: results: DROP TABLE results[0m
  [4;36;1mSQL (0.009675)[0m   [0;1mCREATE TABLE results ("id" INTEGER PRIMARY KEY NOT NULL, "pws" varchar(255) DEFAULT NULL, "cws" varchar(255) DEFAULT NULL, "builder" varchar(255) DEFAULT NULL, "host" varchar(255) DEFAULT NULL, "build_number" integer DEFAULT NULL, "data_type" varchar(255) DEFAULT NULL, "data" text DEFAULT NULL, "created_at" datetime DEFAULT NULL) [0m
  [4;35;1mSQL (0.002605)[0m   [0mCREATE TABLE schema_info (version integer)[0m
  [4;36;1mSQL (0.002114)[0m   [0;1mINSERT INTO schema_info (version) VALUES(0)[0m
  [4;35;1mSQL (0.002121)[0m   [0mUPDATE schema_info SET version = 1[0m
  [4;36;1mSQL (0.001434)[0m   [0;1mSELECT * FROM schema_info[0m
  [4;35;1mSQL (0.000502)[0m   [0mSELECT name FROM sqlite_master WHERE type = 'table'[0m
  [4;36;1mSQL (0.000113)[0m   [0;1mPRAGMA index_list(results)[0m
  [4;35;1mSQL (0.000000)[0m   [0mSQLite3::SQLException: no such table: results: DROP TABLE results[0m
  [4;36;1mSQL (0.007603)[0m   [0;1mCREATE TABLE results ("id" INTEGER PRIMARY KEY NOT NULL, "pws" varchar(255) DEFAULT NULL, "cws" varchar(255) DEFAULT NULL, "builder" varchar(255) DEFAULT NULL, "host" varchar(255) DEFAULT NULL, "build_number" integer DEFAULT NULL, "data_type" varchar(255) DEFAULT NULL, "data" text DEFAULT NULL, "created_at" datetime DEFAULT NULL) [0m
  [4;35;1mSQL (0.002643)[0m   [0mCREATE TABLE schema_info (version integer)[0m
  [4;36;1mSQL (0.002156)[0m   [0;1mINSERT INTO schema_info (version) VALUES(0)[0m
  [4;35;1mSQL (0.002099)[0m   [0mUPDATE schema_info SET version = 1[0m
  [4;36;1mSQL (0.001436)[0m   [0;1mSELECT * FROM schema_info[0m
  [4;35;1mSQL (0.000504)[0m   [0mSELECT name FROM sqlite_master WHERE type = 'table'[0m
  [4;36;1mSQL (0.000113)[0m   [0;1mPRAGMA index_list(results)[0m
  [4;35;1mSQL (0.000000)[0m   [0mSQLite3::SQLException: no such table: results: DROP TABLE results[0m
  [4;36;1mSQL (0.010803)[0m   [0;1mCREATE TABLE results ("id" INTEGER PRIMARY KEY NOT NULL, "pws" varchar(255) DEFAULT NULL, "cws" varchar(255) DEFAULT NULL, "builder" varchar(255) DEFAULT NULL, "host" varchar(255) DEFAULT NULL, "build_number" integer DEFAULT NULL, "data_type" varchar(255) DEFAULT NULL, "data" text DEFAULT NULL, "created_at" datetime DEFAULT NULL) [0m
  [4;35;1mSQL (0.002642)[0m   [0mCREATE TABLE schema_info (version integer)[0m
  [4;36;1mSQL (0.002195)[0m   [0;1mINSERT INTO schema_info (version) VALUES(0)[0m
  [4;35;1mSQL (0.002173)[0m   [0mUPDATE schema_info SET version = 1[0m
  [4;36;1mSQL (0.001413)[0m   [0;1mSELECT * FROM schema_info[0m
  [4;35;1mSQL (0.000496)[0m   [0mSELECT name FROM sqlite_master WHERE type = 'table'[0m
  [4;36;1mSQL (0.000126)[0m   [0;1mPRAGMA index_list(results)[0m
  [4;35;1mSQL (0.000000)[0m   [0mSQLite3::SQLException: no such table: results: DROP TABLE results[0m
  [4;36;1mSQL (0.007649)[0m   [0;1mCREATE TABLE results ("id" INTEGER PRIMARY KEY NOT NULL, "pws" varchar(255) DEFAULT NULL, "cws" varchar(255) DEFAULT NULL, "builder" varchar(255) DEFAULT NULL, "host" varchar(255) DEFAULT NULL, "build_number" integer DEFAULT NULL, "data_type" varchar(255) DEFAULT NULL, "data" text DEFAULT NULL, "created_at" datetime DEFAULT NULL) [0m
  [4;35;1mSQL (0.002686)[0m   [0mCREATE TABLE schema_info (version integer)[0m
  [4;36;1mSQL (0.002129)[0m   [0;1mINSERT INTO schema_info (version) VALUES(0)[0m
  [4;35;1mSQL (0.002089)[0m   [0mUPDATE schema_info SET version = 1[0m
  [4;36;1mSQL (0.001411)[0m   [0;1mSELECT * FROM schema_info[0m
  [4;35;1mSQL (0.000501)[0m   [0mSELECT name FROM sqlite_master WHERE type = 'table'[0m
  [4;36;1mSQL (0.000122)[0m   [0;1mPRAGMA index_list(results)[0m
  [4;35;1mSQL (0.000000)[0m   [0mSQLite3::SQLException: no such table: results: DROP TABLE results[0m
  [4;36;1mSQL (0.007635)[0m   [0;1mCREATE TABLE results ("id" INTEGER PRIMARY KEY NOT NULL, "pws" varchar(255) DEFAULT NULL, "cws" varchar(255) DEFAULT NULL, "builder" varchar(255) DEFAULT NULL, "host" varchar(255) DEFAULT NULL, "build_number" integer DEFAULT NULL, "data_type" varchar(255) DEFAULT NULL, "data" text DEFAULT NULL, "created_at" datetime DEFAULT NULL) [0m
  [4;35;1mSQL (0.002685)[0m   [0mCREATE TABLE schema_info (version integer)[0m
  [4;36;1mSQL (0.002116)[0m   [0;1mINSERT INTO schema_info (version) VALUES(0)[0m
  [4;35;1mSQL (0.002089)[0m   [0mUPDATE schema_info SET version = 1[0m
  [4;36;1mSQL (0.001423)[0m   [0;1mSELECT * FROM schema_info[0m
  [4;35;1mSQL (0.000499)[0m   [0mSELECT name FROM sqlite_master WHERE type = 'table'[0m
  [4;36;1mSQL (0.000114)[0m   [0;1mPRAGMA index_list(results)[0m
  [4;35;1mSQL (0.000000)[0m   [0mSQLite3::SQLException: no such table: results: DROP TABLE results[0m
  [4;36;1mSQL (0.008463)[0m   [0;1mCREATE TABLE results ("id" INTEGER PRIMARY KEY NOT NULL, "pws" varchar(255) DEFAULT NULL, "cws" varchar(255) DEFAULT NULL, "builder" varchar(255) DEFAULT NULL, "host" varchar(255) DEFAULT NULL, "build_number" integer DEFAULT NULL, "data_type" varchar(255) DEFAULT NULL, "data" text DEFAULT NULL, "created_at" datetime DEFAULT NULL) [0m
  [4;35;1mSQL (0.002654)[0m   [0mCREATE TABLE schema_info (version integer)[0m
  [4;36;1mSQL (0.002149)[0m   [0;1mINSERT INTO schema_info (version) VALUES(0)[0m
  [4;35;1mSQL (0.002082)[0m   [0mUPDATE schema_info SET version = 1[0m
  [4;36;1mSQL (0.001404)[0m   [0;1mSELECT * FROM schema_info[0m
  [4;35;1mSQL (0.000475)[0m   [0mSELECT name FROM sqlite_master WHERE type = 'table'[0m
  [4;36;1mSQL (0.000100)[0m   [0;1mPRAGMA index_list(results)[0m
  [4;35;1mSQL (0.000000)[0m   [0mSQLite3::SQLException: no such table: results: DROP TABLE results[0m
  [4;36;1mSQL (0.009245)[0m   [0;1mCREATE TABLE results ("id" INTEGER PRIMARY KEY NOT NULL, "pws" varchar(255) DEFAULT NULL, "cws" varchar(255) DEFAULT NULL, "builder" varchar(255) DEFAULT NULL, "host" varchar(255) DEFAULT NULL, "build_number" integer DEFAULT NULL, "data_type" varchar(255) DEFAULT NULL, "data" text DEFAULT NULL, "created_at" datetime DEFAULT NULL) [0m
  [4;35;1mSQL (0.002607)[0m   [0mCREATE TABLE schema_info (version integer)[0m
  [4;36;1mSQL (0.002143)[0m   [0;1mINSERT INTO schema_info (version) VALUES(0)[0m
  [4;35;1mSQL (0.002072)[0m   [0mUPDATE schema_info SET version = 1[0m
  [4;36;1mSQL (0.001369)[0m   [0;1mSELECT * FROM schema_info[0m
  [4;35;1mSQL (0.000482)[0m   [0mSELECT name FROM sqlite_master WHERE type = 'table'[0m
  [4;36;1mSQL (0.000095)[0m   [0;1mPRAGMA index_list(results)[0m
  [4;35;1mSQL (0.000000)[0m   [0mSQLite3::SQLException: no such table: results: DROP TABLE results[0m
  [4;36;1mSQL (0.012260)[0m   [0;1mCREATE TABLE results ("id" INTEGER PRIMARY KEY NOT NULL, "pws" varchar(255) DEFAULT NULL, "cws" varchar(255) DEFAULT NULL, "builder" varchar(255) DEFAULT NULL, "host" varchar(255) DEFAULT NULL, "build_number" integer DEFAULT NULL, "data_type" varchar(255) DEFAULT NULL, "data" text DEFAULT NULL, "created_at" datetime DEFAULT NULL) [0m
  [4;35;1mSQL (0.002609)[0m   [0mCREATE TABLE schema_info (version integer)[0m
  [4;36;1mSQL (0.002155)[0m   [0;1mINSERT INTO schema_info (version) VALUES(0)[0m
  [4;35;1mSQL (0.002144)[0m   [0mUPDATE schema_info SET version = 1[0m
  [4;36;1mSQL (0.001392)[0m   [0;1mSELECT * FROM schema_info[0m
  [4;35;1mSQL (0.000462)[0m   [0mSELECT name FROM sqlite_master WHERE type = 'table'[0m
  [4;36;1mSQL (0.000095)[0m   [0;1mPRAGMA index_list(results)[0m
  [4;35;1mSQL (0.000000)[0m   [0mSQLite3::SQLException: no such table: results: DROP TABLE results[0m
  [4;36;1mSQL (0.013404)[0m   [0;1mCREATE TABLE results ("id" INTEGER PRIMARY KEY NOT NULL, "pws" varchar(255) DEFAULT NULL, "cws" varchar(255) DEFAULT NULL, "builder" varchar(255) DEFAULT NULL, "host" varchar(255) DEFAULT NULL, "build_number" integer DEFAULT NULL, "data_type" varchar(255) DEFAULT NULL, "data" text DEFAULT NULL, "created_at" datetime DEFAULT NULL) [0m
  [4;35;1mSQL (0.002588)[0m   [0mCREATE TABLE schema_info (version integer)[0m
  [4;36;1mSQL (0.002086)[0m   [0;1mINSERT INTO schema_info (version) VALUES(0)[0m
  [4;35;1mSQL (0.002093)[0m   [0mUPDATE schema_info SET version = 1[0m
  [4;36;1mSQL (0.001388)[0m   [0;1mSELECT * FROM schema_info[0m
  [4;35;1mSQL (0.000470)[0m   [0mSELECT name FROM sqlite_master WHERE type = 'table'[0m
  [4;36;1mSQL (0.000118)[0m   [0;1mPRAGMA index_list(results)[0m
  [4;35;1mSQL (0.000000)[0m   [0mSQLite3::SQLException: no such table: results: DROP TABLE results[0m
  [4;36;1mSQL (0.007715)[0m   [0;1mCREATE TABLE results ("id" INTEGER PRIMARY KEY NOT NULL, "pws" varchar(255) DEFAULT NULL, "cws" varchar(255) DEFAULT NULL, "builder" varchar(255) DEFAULT NULL, "host" varchar(255) DEFAULT NULL, "build_number" integer DEFAULT NULL, "data_type" varchar(255) DEFAULT NULL, "data" text DEFAULT NULL, "created_at" datetime DEFAULT NULL) [0m
  [4;35;1mSQL (0.002619)[0m   [0mCREATE TABLE schema_info (version integer)[0m
  [4;36;1mSQL (0.002161)[0m   [0;1mINSERT INTO schema_info (version) VALUES(0)[0m
  [4;35;1mSQL (0.002114)[0m   [0mUPDATE schema_info SET version = 1[0m
  [4;36;1mSQL (0.001416)[0m   [0;1mSELECT * FROM schema_info[0m
  [4;35;1mSQL (0.000475)[0m   [0mSELECT name FROM sqlite_master WHERE type = 'table'[0m
  [4;36;1mSQL (0.000101)[0m   [0;1mPRAGMA index_list(results)[0m
  [4;35;1mSQL (0.000000)[0m   [0mSQLite3::SQLException: no such table: results: DROP TABLE results[0m
  [4;36;1mSQL (0.014643)[0m   [0;1mCREATE TABLE results ("id" INTEGER PRIMARY KEY NOT NULL, "pws" varchar(255) DEFAULT NULL, "cws" varchar(255) DEFAULT NULL, "builder" varchar(255) DEFAULT NULL, "host" varchar(255) DEFAULT NULL, "build_number" integer DEFAULT NULL, "data_type" varchar(255) DEFAULT NULL, "data" text DEFAULT NULL, "created_at" datetime DEFAULT NULL) [0m
  [4;35;1mSQL (0.002562)[0m   [0mCREATE TABLE schema_info (version integer)[0m
  [4;36;1mSQL (0.002153)[0m   [0;1mINSERT INTO schema_info (version) VALUES(0)[0m
  [4;35;1mSQL (0.002101)[0m   [0mUPDATE schema_info SET version = 1[0m
  [4;36;1mSQL (0.001390)[0m   [0;1mSELECT * FROM schema_info[0m
  [4;35;1mSQL (0.000473)[0m   [0mSELECT name FROM sqlite_master WHERE type = 'table'[0m
  [4;36;1mSQL (0.000101)[0m   [0;1mPRAGMA index_list(results)[0m
  [4;35;1mSQL (0.000000)[0m   [0mSQLite3::SQLException: no such table: results: DROP TABLE results[0m
  [4;36;1mSQL (0.008437)[0m   [0;1mCREATE TABLE results ("id" INTEGER PRIMARY KEY NOT NULL, "pws" varchar(255) DEFAULT NULL, "cws" varchar(255) DEFAULT NULL, "builder" varchar(255) DEFAULT NULL, "host" varchar(255) DEFAULT NULL, "build_number" integer DEFAULT NULL, "data_type" varchar(255) DEFAULT NULL, "data" text DEFAULT NULL, "created_at" datetime DEFAULT NULL) [0m
  [4;35;1mSQL (0.002602)[0m   [0mCREATE TABLE schema_info (version integer)[0m
  [4;36;1mSQL (0.002159)[0m   [0;1mINSERT INTO schema_info (version) VALUES(0)[0m
  [4;35;1mSQL (0.002152)[0m   [0mUPDATE schema_info SET version = 1[0m
  [4;36;1mSQL (0.001399)[0m   [0;1mSELECT * FROM schema_info[0m
  [4;35;1mSQL (0.000472)[0m   [0mSELECT name FROM sqlite_master WHERE type = 'table'[0m
  [4;36;1mSQL (0.000104)[0m   [0;1mPRAGMA index_list(results)[0m
  [4;35;1mSQL (0.000000)[0m   [0mSQLite3::SQLException: no such table: results: DROP TABLE results[0m
  [4;36;1mSQL (0.008358)[0m   [0;1mCREATE TABLE results ("id" INTEGER PRIMARY KEY NOT NULL, "pws" varchar(255) DEFAULT NULL, "cws" varchar(255) DEFAULT NULL, "builder" varchar(255) DEFAULT NULL, "host" varchar(255) DEFAULT NULL, "build_number" integer DEFAULT NULL, "data_type" varchar(255) DEFAULT NULL, "data" text DEFAULT NULL, "created_at" datetime DEFAULT NULL) [0m
  [4;35;1mSQL (0.002654)[0m   [0mCREATE TABLE schema_info (version integer)[0m
  [4;36;1mSQL (0.002156)[0m   [0;1mINSERT INTO schema_info (version) VALUES(0)[0m
  [4;35;1mSQL (0.002128)[0m   [0mUPDATE schema_info SET version = 1[0m
  [4;36;1mSQL (0.001410)[0m   [0;1mSELECT * FROM schema_info[0m
  [4;35;1mSQL (0.000548)[0m   [0mSELECT name FROM sqlite_master WHERE type = 'table'[0m
  [4;36;1mSQL (0.000096)[0m   [0;1mPRAGMA index_list(results)[0m
  [4;35;1mSQL (0.000000)[0m   [0mSQLite3::SQLException: no such table: results: DROP TABLE results[0m
  [4;36;1mSQL (0.013643)[0m   [0;1mCREATE TABLE results ("id" INTEGER PRIMARY KEY NOT NULL, "pws" varchar(255) DEFAULT NULL, "cws" varchar(255) DEFAULT NULL, "builder" varchar(255) DEFAULT NULL, "host" varchar(255) DEFAULT NULL, "build_number" integer DEFAULT NULL, "data_type" varchar(255) DEFAULT NULL, "data" text DEFAULT NULL, "created_at" datetime DEFAULT NULL) [0m
  [4;35;1mSQL (0.002691)[0m   [0mCREATE TABLE schema_info (version integer)[0m
  [4;36;1mSQL (0.002205)[0m   [0;1mINSERT INTO schema_info (version) VALUES(0)[0m
  [4;35;1mSQL (0.002256)[0m   [0mUPDATE schema_info SET version = 1[0m
  [4;36;1mSQL (0.001430)[0m   [0;1mSELECT * FROM schema_info[0m
  [4;35;1mSQL (0.000581)[0m   [0mSELECT name FROM sqlite_master WHERE type = 'table'[0m
  [4;36;1mSQL (0.000120)[0m   [0;1mPRAGMA index_list(results)[0m
  [4;35;1mSQL (0.000000)[0m   [0mSQLite3::SQLException: no such table: results: DROP TABLE results[0m
  [4;36;1mSQL (0.015269)[0m   [0;1mCREATE TABLE results ("id" INTEGER PRIMARY KEY NOT NULL, "pws" varchar(255) DEFAULT NULL, "cws" varchar(255) DEFAULT NULL, "builder" varchar(255) DEFAULT NULL, "host" varchar(255) DEFAULT NULL, "build_number" integer DEFAULT NULL, "data_type" varchar(255) DEFAULT NULL, "data" text DEFAULT NULL, "created_at" datetime DEFAULT NULL) [0m
  [4;35;1mSQL (0.002609)[0m   [0mCREATE TABLE schema_info (version integer)[0m
  [4;36;1mSQL (0.002152)[0m   [0;1mINSERT INTO schema_info (version) VALUES(0)[0m
  [4;35;1mSQL (0.002152)[0m   [0mUPDATE schema_info SET version = 1[0m
  [4;36;1mSQL (0.001355)[0m   [0;1mSELECT * FROM schema_info[0m
  [4;35;1mSQL (0.000472)[0m   [0mSELECT name FROM sqlite_master WHERE type = 'table'[0m
  [4;36;1mSQL (0.000101)[0m   [0;1mPRAGMA index_list(results)[0m
  [4;35;1mSQL (0.000000)[0m   [0mSQLite3::SQLException: no such table: results: DROP TABLE results[0m
  [4;36;1mSQL (0.014323)[0m   [0;1mCREATE TABLE results ("id" INTEGER PRIMARY KEY NOT NULL, "pws" varchar(255) DEFAULT NULL, "cws" varchar(255) DEFAULT NULL, "builder" varchar(255) DEFAULT NULL, "host" varchar(255) DEFAULT NULL, "build_number" integer DEFAULT NULL, "data_type" varchar(255) DEFAULT NULL, "data" text DEFAULT NULL, "created_at" datetime DEFAULT NULL) [0m
  [4;35;1mSQL (0.003113)[0m   [0mCREATE TABLE schema_info (version integer)[0m
  [4;36;1mSQL (0.002129)[0m   [0;1mINSERT INTO schema_info (version) VALUES(0)[0m
  [4;35;1mSQL (0.002131)[0m   [0mUPDATE schema_info SET version = 1[0m
  [4;36;1mSQL (0.001351)[0m   [0;1mSELECT * FROM schema_info[0m
  [4;35;1mSQL (0.000472)[0m   [0mSELECT name FROM sqlite_master WHERE type = 'table'[0m
  [4;36;1mSQL (0.000098)[0m   [0;1mPRAGMA index_list(results)[0m
  [4;35;1mSQL (0.000000)[0m   [0mSQLite3::SQLException: no such table: results: DROP TABLE results[0m
  [4;36;1mSQL (0.009789)[0m   [0;1mCREATE TABLE results ("id" INTEGER PRIMARY KEY NOT NULL, "pws" varchar(255) DEFAULT NULL, "cws" varchar(255) DEFAULT NULL, "builder" varchar(255) DEFAULT NULL, "host" varchar(255) DEFAULT NULL, "build_number" integer DEFAULT NULL, "data_type" varchar(255) DEFAULT NULL, "data" text DEFAULT NULL, "created_at" datetime DEFAULT NULL) [0m
  [4;35;1mSQL (0.002585)[0m   [0mCREATE TABLE schema_info (version integer)[0m
  [4;36;1mSQL (0.002185)[0m   [0;1mINSERT INTO schema_info (version) VALUES(0)[0m
  [4;35;1mSQL (0.002100)[0m   [0mUPDATE schema_info SET version = 1[0m
  [4;36;1mSQL (0.000000)[0m   [0;1mSQLite3::SQLException: table schema_info already exists: CREATE TABLE schema_info (version integer)[0m
  [4;35;1mSQL (0.000000)[0m   [0mSQLite3::SQLException: table schema_info already exists: CREATE TABLE schema_info (version integer)[0m
  [4;36;1mSQL (0.000520)[0m   [0;1mSELECT version FROM schema_info[0m
  [4;35;1mSQL (0.000321)[0m   [0mSELECT version FROM schema_info[0m
Migrating to CreateSelectors (2)
  [4;36;1mSQL (0.012589)[0m   [0;1mCREATE TABLE selectors ("id" INTEGER PRIMARY KEY NOT NULL, "column_values" text DEFAULT NULL, "dynamic_columns" text DEFAULT NULL, "group" text DEFAULT NULL, "limit" varchar(255) DEFAULT NULL, "filter" varchar(255) DEFAULT NULL) [0m
  [4;35;1mSQL (0.002303)[0m   [0mUPDATE schema_info SET version = 2[0m
  [4;36;1mSQL (0.000405)[0m   [0;1mSELECT * FROM schema_info[0m
  [4;35;1mSQL (0.000392)[0m   [0mSELECT name FROM sqlite_master WHERE type = 'table'[0m
  [4;36;1mSQL (0.000117)[0m   [0;1mPRAGMA index_list(results)[0m
  [4;35;1mSQL (0.000085)[0m   [0mPRAGMA index_list(selectors)[0m
  [4;36;1mSQL (0.001442)[0m   [0;1mSELECT * FROM schema_info[0m
  [4;35;1mSQL (0.000533)[0m   [0mSELECT name FROM sqlite_master WHERE type = 'table'[0m
  [4;36;1mSQL (0.000103)[0m   [0;1mPRAGMA index_list(results)[0m
  [4;35;1mSQL (0.000080)[0m   [0mPRAGMA index_list(selectors)[0m
  [4;36;1mSQL (0.000000)[0m   [0;1mSQLite3::SQLException: no such table: results: DROP TABLE results[0m
  [4;35;1mSQL (0.013597)[0m   [0mCREATE TABLE results ("id" INTEGER PRIMARY KEY NOT NULL, "pws" varchar(255) DEFAULT NULL, "cws" varchar(255) DEFAULT NULL, "builder" varchar(255) DEFAULT NULL, "host" varchar(255) DEFAULT NULL, "build_number" integer DEFAULT NULL, "data_type" varchar(255) DEFAULT NULL, "data" text DEFAULT NULL, "created_at" datetime DEFAULT NULL) [0m
  [4;36;1mSQL (0.000000)[0m   [0;1mSQLite3::SQLException: no such table: selectors: DROP TABLE selectors[0m
  [4;35;1mSQL (0.002661)[0m   [0mCREATE TABLE selectors ("id" INTEGER PRIMARY KEY NOT NULL, "column_values" text DEFAULT NULL, "dynamic_columns" text DEFAULT NULL, "group" text DEFAULT NULL, "limit" varchar(255) DEFAULT NULL, "filter" varchar(255) DEFAULT NULL) [0m
  [4;36;1mSQL (0.002579)[0m   [0;1mCREATE TABLE schema_info (version integer)[0m
  [4;35;1mSQL (0.002149)[0m   [0mINSERT INTO schema_info (version) VALUES(0)[0m
  [4;36;1mSQL (0.002073)[0m   [0;1mUPDATE schema_info SET version = 2[0m
ApplicationController: missing default helper path application_helper
  [4;36;1mSQL (0.007767)[0m   [0;1mCREATE TABLE schema_info (version integer)[0m
  [4;35;1mSQL (0.002128)[0m   [0mINSERT INTO schema_info (version) VALUES(0)[0m
  [4;36;1mSQL (0.000000)[0m   [0;1mSQLite3::SQLException: table schema_info already exists: CREATE TABLE schema_info (version integer)[0m
  [4;35;1mSQL (0.000496)[0m   [0mSELECT version FROM schema_info[0m
Migrating to CreateResults (1)
  [4;36;1mSQL (0.003514)[0m   [0;1mCREATE TABLE results ("id" INTEGER PRIMARY KEY NOT NULL, "pws" varchar(255) DEFAULT NULL, "cws" varchar(255) DEFAULT NULL, "builder" varchar(255) DEFAULT NULL, "host" varchar(255) DEFAULT NULL, "build_number" integer DEFAULT NULL, "data_type" varchar(255) DEFAULT NULL, "data" text DEFAULT NULL, "created_at" datetime DEFAULT NULL) [0m
  [4;35;1mSQL (0.003035)[0m   [0mUPDATE schema_info SET version = 1[0m
  [4;36;1mSQL (0.000373)[0m   [0;1mSELECT version FROM schema_info[0m
Migrating to CreateSelectors (2)
  [4;35;1mSQL (0.002986)[0m   [0mCREATE TABLE selectors ("id" INTEGER PRIMARY KEY NOT NULL, "column_values" text DEFAULT NULL, "dynamic_columns" text DEFAULT NULL, "group" text DEFAULT NULL, "order" text DEFAULT NULL, "limit" varchar(255) DEFAULT NULL, "filter" varchar(255) DEFAULT NULL) [0m
  [4;36;1mSQL (0.002322)[0m   [0;1mUPDATE schema_info SET version = 2[0m
  [4;35;1mSQL (0.000424)[0m   [0mSELECT * FROM schema_info[0m
  [4;36;1mSQL (0.000401)[0m   [0;1mSELECT name FROM sqlite_master WHERE type = 'table'[0m
  [4;35;1mSQL (0.000115)[0m   [0mPRAGMA index_list(results)[0m
  [4;36;1mSQL (0.000088)[0m   [0;1mPRAGMA index_list(selectors)[0m
  [4;36;1mSQL (0.001397)[0m   [0;1mSELECT * FROM schema_info[0m
  [4;35;1mSQL (0.000522)[0m   [0mSELECT name FROM sqlite_master WHERE type = 'table'[0m
  [4;36;1mSQL (0.000099)[0m   [0;1mPRAGMA index_list(results)[0m
  [4;35;1mSQL (0.000077)[0m   [0mPRAGMA index_list(selectors)[0m
  [4;36;1mSQL (0.000000)[0m   [0;1mSQLite3::SQLException: no such table: results: DROP TABLE results[0m
  [4;35;1mSQL (0.009969)[0m   [0mCREATE TABLE results ("id" INTEGER PRIMARY KEY NOT NULL, "pws" varchar(255) DEFAULT NULL, "cws" varchar(255) DEFAULT NULL, "builder" varchar(255) DEFAULT NULL, "host" varchar(255) DEFAULT NULL, "build_number" integer DEFAULT NULL, "data_type" varchar(255) DEFAULT NULL, "data" text DEFAULT NULL, "created_at" datetime DEFAULT NULL) [0m
  [4;36;1mSQL (0.000000)[0m   [0;1mSQLite3::SQLException: no such table: selectors: DROP TABLE selectors[0m
  [4;35;1mSQL (0.002697)[0m   [0mCREATE TABLE selectors ("id" INTEGER PRIMARY KEY NOT NULL, "column_values" text DEFAULT NULL, "dynamic_columns" text DEFAULT NULL, "group" text DEFAULT NULL, "order" text DEFAULT NULL, "limit" varchar(255) DEFAULT NULL, "filter" varchar(255) DEFAULT NULL) [0m
  [4;36;1mSQL (0.002716)[0m   [0;1mCREATE TABLE schema_info (version integer)[0m
  [4;35;1mSQL (0.002062)[0m   [0mINSERT INTO schema_info (version) VALUES(0)[0m
  [4;36;1mSQL (0.002118)[0m   [0;1mUPDATE schema_info SET version = 2[0m
  [4;36;1mSQL (0.001414)[0m   [0;1mSELECT * FROM schema_info[0m
  [4;35;1mSQL (0.000518)[0m   [0mSELECT name FROM sqlite_master WHERE type = 'table'[0m
  [4;36;1mSQL (0.000098)[0m   [0;1mPRAGMA index_list(results)[0m
  [4;35;1mSQL (0.000088)[0m   [0mPRAGMA index_list(selectors)[0m
  [4;36;1mSQL (0.000000)[0m   [0;1mSQLite3::SQLException: no such table: results: DROP TABLE results[0m
  [4;35;1mSQL (0.008392)[0m   [0mCREATE TABLE results ("id" INTEGER PRIMARY KEY NOT NULL, "pws" varchar(255) DEFAULT NULL, "cws" varchar(255) DEFAULT NULL, "builder" varchar(255) DEFAULT NULL, "host" varchar(255) DEFAULT NULL, "build_number" integer DEFAULT NULL, "data_type" varchar(255) DEFAULT NULL, "data" text DEFAULT NULL, "created_at" datetime DEFAULT NULL) [0m
  [4;36;1mSQL (0.000000)[0m   [0;1mSQLite3::SQLException: no such table: selectors: DROP TABLE selectors[0m
  [4;35;1mSQL (0.002729)[0m   [0mCREATE TABLE selectors ("id" INTEGER PRIMARY KEY NOT NULL, "column_values" text DEFAULT NULL, "dynamic_columns" text DEFAULT NULL, "group" text DEFAULT NULL, "order" text DEFAULT NULL, "limit" varchar(255) DEFAULT NULL, "filter" varchar(255) DEFAULT NULL) [0m
  [4;36;1mSQL (0.002625)[0m   [0;1mCREATE TABLE schema_info (version integer)[0m
  [4;35;1mSQL (0.002233)[0m   [0mINSERT INTO schema_info (version) VALUES(0)[0m
  [4;36;1mSQL (0.002119)[0m   [0;1mUPDATE schema_info SET version = 2[0m
  [4;36;1mSQL (0.001440)[0m   [0;1mSELECT * FROM schema_info[0m
  [4;35;1mSQL (0.000517)[0m   [0mSELECT name FROM sqlite_master WHERE type = 'table'[0m
  [4;36;1mSQL (0.000101)[0m   [0;1mPRAGMA index_list(results)[0m
  [4;35;1mSQL (0.000076)[0m   [0mPRAGMA index_list(selectors)[0m
  [4;36;1mSQL (0.000000)[0m   [0;1mSQLite3::SQLException: no such table: results: DROP TABLE results[0m
  [4;35;1mSQL (0.012067)[0m   [0mCREATE TABLE results ("id" INTEGER PRIMARY KEY NOT NULL, "pws" varchar(255) DEFAULT NULL, "cws" varchar(255) DEFAULT NULL, "builder" varchar(255) DEFAULT NULL, "host" varchar(255) DEFAULT NULL, "build_number" integer DEFAULT NULL, "data_type" varchar(255) DEFAULT NULL, "data" text DEFAULT NULL, "created_at" datetime DEFAULT NULL) [0m
  [4;36;1mSQL (0.000000)[0m   [0;1mSQLite3::SQLException: no such table: selectors: DROP TABLE selectors[0m
  [4;35;1mSQL (0.002680)[0m   [0mCREATE TABLE selectors ("id" INTEGER PRIMARY KEY NOT NULL, "column_values" text DEFAULT NULL, "dynamic_columns" text DEFAULT NULL, "group" text DEFAULT NULL, "order" text DEFAULT NULL, "limit" varchar(255) DEFAULT NULL, "filter" varchar(255) DEFAULT NULL) [0m
  [4;36;1mSQL (0.002614)[0m   [0;1mCREATE TABLE schema_info (version integer)[0m
  [4;35;1mSQL (0.002067)[0m   [0mINSERT INTO schema_info (version) VALUES(0)[0m
  [4;36;1mSQL (0.002072)[0m   [0;1mUPDATE schema_info SET version = 2[0m
  [4;36;1mSQL (0.001408)[0m   [0;1mSELECT * FROM schema_info[0m
  [4;35;1mSQL (0.000526)[0m   [0mSELECT name FROM sqlite_master WHERE type = 'table'[0m
  [4;36;1mSQL (0.000115)[0m   [0;1mPRAGMA index_list(results)[0m
  [4;35;1mSQL (0.000077)[0m   [0mPRAGMA index_list(selectors)[0m
  [4;36;1mSQL (0.000000)[0m   [0;1mSQLite3::SQLException: no such table: results: DROP TABLE results[0m
  [4;35;1mSQL (0.007289)[0m   [0mCREATE TABLE results ("id" INTEGER PRIMARY KEY NOT NULL, "pws" varchar(255) DEFAULT NULL, "cws" varchar(255) DEFAULT NULL, "builder" varchar(255) DEFAULT NULL, "host" varchar(255) DEFAULT NULL, "build_number" integer DEFAULT NULL, "data_type" varchar(255) DEFAULT NULL, "data" text DEFAULT NULL, "created_at" datetime DEFAULT NULL) [0m
  [4;36;1mSQL (0.000000)[0m   [0;1mSQLite3::SQLException: no such table: selectors: DROP TABLE selectors[0m
  [4;35;1mSQL (0.002708)[0m   [0mCREATE TABLE selectors ("id" INTEGER PRIMARY KEY NOT NULL, "column_values" text DEFAULT NULL, "dynamic_columns" text DEFAULT NULL, "group" text DEFAULT NULL, "order" text DEFAULT NULL, "limit" varchar(255) DEFAULT NULL, "filter" varchar(255) DEFAULT NULL) [0m
  [4;36;1mSQL (0.002586)[0m   [0;1mCREATE TABLE schema_info (version integer)[0m
  [4;35;1mSQL (0.002169)[0m   [0mINSERT INTO schema_info (version) VALUES(0)[0m
  [4;36;1mSQL (0.002104)[0m   [0;1mUPDATE schema_info SET version = 2[0m
  [4;36;1mSQL (0.001419)[0m   [0;1mSELECT * FROM schema_info[0m
  [4;35;1mSQL (0.000530)[0m   [0mSELECT name FROM sqlite_master WHERE type = 'table'[0m
  [4;36;1mSQL (0.000100)[0m   [0;1mPRAGMA index_list(results)[0m
  [4;35;1mSQL (0.000079)[0m   [0mPRAGMA index_list(selectors)[0m
  [4;36;1mSQL (0.000000)[0m   [0;1mSQLite3::SQLException: no such table: results: DROP TABLE results[0m
  [4;35;1mSQL (0.004213)[0m   [0mCREATE TABLE results ("id" INTEGER PRIMARY KEY NOT NULL, "pws" varchar(255) DEFAULT NULL, "cws" varchar(255) DEFAULT NULL, "builder" varchar(255) DEFAULT NULL, "host" varchar(255) DEFAULT NULL, "build_number" integer DEFAULT NULL, "data_type" varchar(255) DEFAULT NULL, "data" text DEFAULT NULL, "created_at" datetime DEFAULT NULL) [0m
  [4;36;1mSQL (0.000000)[0m   [0;1mSQLite3::SQLException: no such table: selectors: DROP TABLE selectors[0m
  [4;35;1mSQL (0.002722)[0m   [0mCREATE TABLE selectors ("id" INTEGER PRIMARY KEY NOT NULL, "column_values" text DEFAULT NULL, "dynamic_columns" text DEFAULT NULL, "group" text DEFAULT NULL, "order" text DEFAULT NULL, "limit" varchar(255) DEFAULT NULL, "filter" varchar(255) DEFAULT NULL) [0m
  [4;36;1mSQL (0.002696)[0m   [0;1mCREATE TABLE schema_info (version integer)[0m
  [4;35;1mSQL (0.002093)[0m   [0mINSERT INTO schema_info (version) VALUES(0)[0m
  [4;36;1mSQL (0.002089)[0m   [0;1mUPDATE schema_info SET version = 2[0m
  [4;36;1mSQL (0.001440)[0m   [0;1mSELECT * FROM schema_info[0m
  [4;35;1mSQL (0.000550)[0m   [0mSELECT name FROM sqlite_master WHERE type = 'table'[0m
  [4;36;1mSQL (0.000113)[0m   [0;1mPRAGMA index_list(results)[0m
  [4;35;1mSQL (0.000091)[0m   [0mPRAGMA index_list(selectors)[0m
  [4;36;1mSQL (0.000000)[0m   [0;1mSQLite3::SQLException: no such table: results: DROP TABLE results[0m
  [4;35;1mSQL (0.008647)[0m   [0mCREATE TABLE results ("id" INTEGER PRIMARY KEY NOT NULL, "pws" varchar(255) DEFAULT NULL, "cws" varchar(255) DEFAULT NULL, "builder" varchar(255) DEFAULT NULL, "host" varchar(255) DEFAULT NULL, "build_number" integer DEFAULT NULL, "data_type" varchar(255) DEFAULT NULL, "data" text DEFAULT NULL, "created_at" datetime DEFAULT NULL) [0m
  [4;36;1mSQL (0.000000)[0m   [0;1mSQLite3::SQLException: no such table: selectors: DROP TABLE selectors[0m
  [4;35;1mSQL (0.002661)[0m   [0mCREATE TABLE selectors ("id" INTEGER PRIMARY KEY NOT NULL, "column_values" text DEFAULT NULL, "dynamic_columns" text DEFAULT NULL, "group" text DEFAULT NULL, "order" text DEFAULT NULL, "limit" varchar(255) DEFAULT NULL, "filter" varchar(255) DEFAULT NULL) [0m
  [4;36;1mSQL (0.002638)[0m   [0;1mCREATE TABLE schema_info (version integer)[0m
  [4;35;1mSQL (0.002079)[0m   [0mINSERT INTO schema_info (version) VALUES(0)[0m
  [4;36;1mSQL (0.002115)[0m   [0;1mUPDATE schema_info SET version = 2[0m
  [4;36;1mSQL (0.001492)[0m   [0;1mSELECT * FROM schema_info[0m
  [4;35;1mSQL (0.000566)[0m   [0mSELECT name FROM sqlite_master WHERE type = 'table'[0m
  [4;36;1mSQL (0.000113)[0m   [0;1mPRAGMA index_list(results)[0m
  [4;35;1mSQL (0.000086)[0m   [0mPRAGMA index_list(selectors)[0m
  [4;36;1mSQL (0.000000)[0m   [0;1mSQLite3::SQLException: no such table: results: DROP TABLE results[0m
  [4;35;1mSQL (0.012558)[0m   [0mCREATE TABLE results ("id" INTEGER PRIMARY KEY NOT NULL, "pws" varchar(255) DEFAULT NULL, "cws" varchar(255) DEFAULT NULL, "builder" varchar(255) DEFAULT NULL, "host" varchar(255) DEFAULT NULL, "build_number" integer DEFAULT NULL, "data_type" varchar(255) DEFAULT NULL, "data" text DEFAULT NULL, "created_at" datetime DEFAULT NULL) [0m
  [4;36;1mSQL (0.000000)[0m   [0;1mSQLite3::SQLException: no such table: selectors: DROP TABLE selectors[0m
  [4;35;1mSQL (0.002736)[0m   [0mCREATE TABLE selectors ("id" INTEGER PRIMARY KEY NOT NULL, "column_values" text DEFAULT NULL, "dynamic_columns" text DEFAULT NULL, "group" text DEFAULT NULL, "order" text DEFAULT NULL, "limit" varchar(255) DEFAULT NULL, "filter" varchar(255) DEFAULT NULL) [0m
  [4;36;1mSQL (0.002630)[0m   [0;1mCREATE TABLE schema_info (version integer)[0m
  [4;35;1mSQL (0.002146)[0m   [0mINSERT INTO schema_info (version) VALUES(0)[0m
  [4;36;1mSQL (0.002086)[0m   [0;1mUPDATE schema_info SET version = 2[0m
  [4;36;1mSQL (0.001459)[0m   [0;1mSELECT * FROM schema_info[0m
  [4;35;1mSQL (0.000553)[0m   [0mSELECT name FROM sqlite_master WHERE type = 'table'[0m
  [4;36;1mSQL (0.000116)[0m   [0;1mPRAGMA index_list(results)[0m
  [4;35;1mSQL (0.000086)[0m   [0mPRAGMA index_list(selectors)[0m
  [4;36;1mSQL (0.000000)[0m   [0;1mSQLite3::SQLException: no such table: results: DROP TABLE results[0m
  [4;35;1mSQL (0.008606)[0m   [0mCREATE TABLE results ("id" INTEGER PRIMARY KEY NOT NULL, "pws" varchar(255) DEFAULT NULL, "cws" varchar(255) DEFAULT NULL, "builder" varchar(255) DEFAULT NULL, "host" varchar(255) DEFAULT NULL, "build_number" integer DEFAULT NULL, "data_type" varchar(255) DEFAULT NULL, "data" text DEFAULT NULL, "created_at" datetime DEFAULT NULL) [0m
  [4;36;1mSQL (0.000000)[0m   [0;1mSQLite3::SQLException: no such table: selectors: DROP TABLE selectors[0m
  [4;35;1mSQL (0.002802)[0m   [0mCREATE TABLE selectors ("id" INTEGER PRIMARY KEY NOT NULL, "column_values" text DEFAULT NULL, "dynamic_columns" text DEFAULT NULL, "group" text DEFAULT NULL, "order" text DEFAULT NULL, "limit" varchar(255) DEFAULT NULL, "filter" varchar(255) DEFAULT NULL) [0m
  [4;36;1mSQL (0.002690)[0m   [0;1mCREATE TABLE schema_info (version integer)[0m
  [4;35;1mSQL (0.002186)[0m   [0mINSERT INTO schema_info (version) VALUES(0)[0m
  [4;36;1mSQL (0.002140)[0m   [0;1mUPDATE schema_info SET version = 2[0m
  [4;36;1mSQL (0.001408)[0m   [0;1mSELECT * FROM schema_info[0m
  [4;35;1mSQL (0.000523)[0m   [0mSELECT name FROM sqlite_master WHERE type = 'table'[0m
  [4;36;1mSQL (0.000112)[0m   [0;1mPRAGMA index_list(results)[0m
  [4;35;1mSQL (0.000082)[0m   [0mPRAGMA index_list(selectors)[0m
  [4;36;1mSQL (0.000000)[0m   [0;1mSQLite3::SQLException: no such table: results: DROP TABLE results[0m
  [4;35;1mSQL (0.007327)[0m   [0mCREATE TABLE results ("id" INTEGER PRIMARY KEY NOT NULL, "pws" varchar(255) DEFAULT NULL, "cws" varchar(255) DEFAULT NULL, "builder" varchar(255) DEFAULT NULL, "host" varchar(255) DEFAULT NULL, "build_number" integer DEFAULT NULL, "data_type" varchar(255) DEFAULT NULL, "data" text DEFAULT NULL, "created_at" datetime DEFAULT NULL) [0m
  [4;36;1mSQL (0.000000)[0m   [0;1mSQLite3::SQLException: no such table: selectors: DROP TABLE selectors[0m
  [4;35;1mSQL (0.002684)[0m   [0mCREATE TABLE selectors ("id" INTEGER PRIMARY KEY NOT NULL, "column_values" text DEFAULT NULL, "dynamic_columns" text DEFAULT NULL, "group" text DEFAULT NULL, "order" text DEFAULT NULL, "limit" varchar(255) DEFAULT NULL, "filter" varchar(255) DEFAULT NULL) [0m
  [4;36;1mSQL (0.002566)[0m   [0;1mCREATE TABLE schema_info (version integer)[0m
  [4;35;1mSQL (0.002074)[0m   [0mINSERT INTO schema_info (version) VALUES(0)[0m
  [4;36;1mSQL (0.002118)[0m   [0;1mUPDATE schema_info SET version = 2[0m
  [4;36;1mSQL (0.001410)[0m   [0;1mSELECT * FROM schema_info[0m
  [4;35;1mSQL (0.000528)[0m   [0mSELECT name FROM sqlite_master WHERE type = 'table'[0m
  [4;36;1mSQL (0.000103)[0m   [0;1mPRAGMA index_list(results)[0m
  [4;35;1mSQL (0.000080)[0m   [0mPRAGMA index_list(selectors)[0m
  [4;36;1mSQL (0.000000)[0m   [0;1mSQLite3::SQLException: no such table: results: DROP TABLE results[0m
  [4;35;1mSQL (0.007827)[0m   [0mCREATE TABLE results ("id" INTEGER PRIMARY KEY NOT NULL, "pws" varchar(255) DEFAULT NULL, "cws" varchar(255) DEFAULT NULL, "builder" varchar(255) DEFAULT NULL, "host" varchar(255) DEFAULT NULL, "build_number" integer DEFAULT NULL, "data_type" varchar(255) DEFAULT NULL, "data" text DEFAULT NULL, "created_at" datetime DEFAULT NULL) [0m
  [4;36;1mSQL (0.000000)[0m   [0;1mSQLite3::SQLException: no such table: selectors: DROP TABLE selectors[0m
  [4;35;1mSQL (0.002715)[0m   [0mCREATE TABLE selectors ("id" INTEGER PRIMARY KEY NOT NULL, "column_values" text DEFAULT NULL, "dynamic_columns" text DEFAULT NULL, "group" text DEFAULT NULL, "order" text DEFAULT NULL, "limit" varchar(255) DEFAULT NULL, "filter" varchar(255) DEFAULT NULL) [0m
  [4;36;1mSQL (0.002588)[0m   [0;1mCREATE TABLE schema_info (version integer)[0m
  [4;35;1mSQL (0.002137)[0m   [0mINSERT INTO schema_info (version) VALUES(0)[0m
  [4;36;1mSQL (0.002071)[0m   [0;1mUPDATE schema_info SET version = 2[0m
  [4;36;1mSQL (0.001449)[0m   [0;1mSELECT * FROM schema_info[0m
  [4;35;1mSQL (0.000538)[0m   [0mSELECT name FROM sqlite_master WHERE type = 'table'[0m
  [4;36;1mSQL (0.000101)[0m   [0;1mPRAGMA index_list(results)[0m
  [4;35;1mSQL (0.000082)[0m   [0mPRAGMA index_list(selectors)[0m
  [4;36;1mSQL (0.000000)[0m   [0;1mSQLite3::SQLException: no such table: results: DROP TABLE results[0m
  [4;35;1mSQL (0.007547)[0m   [0mCREATE TABLE results ("id" INTEGER PRIMARY KEY NOT NULL, "pws" varchar(255) DEFAULT NULL, "cws" varchar(255) DEFAULT NULL, "builder" varchar(255) DEFAULT NULL, "host" varchar(255) DEFAULT NULL, "build_number" integer DEFAULT NULL, "data_type" varchar(255) DEFAULT NULL, "data" text DEFAULT NULL, "created_at" datetime DEFAULT NULL) [0m
  [4;36;1mSQL (0.000000)[0m   [0;1mSQLite3::SQLException: no such table: selectors: DROP TABLE selectors[0m
  [4;35;1mSQL (0.002689)[0m   [0mCREATE TABLE selectors ("id" INTEGER PRIMARY KEY NOT NULL, "column_values" text DEFAULT NULL, "dynamic_columns" text DEFAULT NULL, "group" text DEFAULT NULL, "order" text DEFAULT NULL, "limit" varchar(255) DEFAULT NULL, "filter" varchar(255) DEFAULT NULL) [0m
  [4;36;1mSQL (0.002644)[0m   [0;1mCREATE TABLE schema_info (version integer)[0m
  [4;35;1mSQL (0.002119)[0m   [0mINSERT INTO schema_info (version) VALUES(0)[0m
  [4;36;1mSQL (0.002113)[0m   [0;1mUPDATE schema_info SET version = 2[0m
  [4;36;1mSQL (0.001455)[0m   [0;1mSELECT * FROM schema_info[0m
  [4;35;1mSQL (0.000514)[0m   [0mSELECT name FROM sqlite_master WHERE type = 'table'[0m
  [4;36;1mSQL (0.000099)[0m   [0;1mPRAGMA index_list(results)[0m
  [4;35;1mSQL (0.000078)[0m   [0mPRAGMA index_list(selectors)[0m
  [4;36;1mSQL (0.000000)[0m   [0;1mSQLite3::SQLException: no such table: results: DROP TABLE results[0m
  [4;35;1mSQL (0.012524)[0m   [0mCREATE TABLE results ("id" INTEGER PRIMARY KEY NOT NULL, "pws" varchar(255) DEFAULT NULL, "cws" varchar(255) DEFAULT NULL, "builder" varchar(255) DEFAULT NULL, "host" varchar(255) DEFAULT NULL, "build_number" integer DEFAULT NULL, "data_type" varchar(255) DEFAULT NULL, "data" text DEFAULT NULL, "created_at" datetime DEFAULT NULL) [0m
  [4;36;1mSQL (0.000000)[0m   [0;1mSQLite3::SQLException: no such table: selectors: DROP TABLE selectors[0m
  [4;35;1mSQL (0.002729)[0m   [0mCREATE TABLE selectors ("id" INTEGER PRIMARY KEY NOT NULL, "column_values" text DEFAULT NULL, "dynamic_columns" text DEFAULT NULL, "group" text DEFAULT NULL, "order" text DEFAULT NULL, "limit" varchar(255) DEFAULT NULL, "filter" varchar(255) DEFAULT NULL) [0m
  [4;36;1mSQL (0.002842)[0m   [0;1mCREATE TABLE schema_info (version integer)[0m
  [4;35;1mSQL (0.002172)[0m   [0mINSERT INTO schema_info (version) VALUES(0)[0m
  [4;36;1mSQL (0.002089)[0m   [0;1mUPDATE schema_info SET version = 2[0m
  [4;36;1mSQL (0.001401)[0m   [0;1mSELECT * FROM schema_info[0m
  [4;35;1mSQL (0.000521)[0m   [0mSELECT name FROM sqlite_master WHERE type = 'table'[0m
  [4;36;1mSQL (0.000103)[0m   [0;1mPRAGMA index_list(results)[0m
  [4;35;1mSQL (0.000079)[0m   [0mPRAGMA index_list(selectors)[0m
  [4;36;1mSQL (0.000000)[0m   [0;1mSQLite3::SQLException: no such table: results: DROP TABLE results[0m
  [4;35;1mSQL (0.007385)[0m   [0mCREATE TABLE results ("id" INTEGER PRIMARY KEY NOT NULL, "pws" varchar(255) DEFAULT NULL, "cws" varchar(255) DEFAULT NULL, "builder" varchar(255) DEFAULT NULL, "host" varchar(255) DEFAULT NULL, "build_number" integer DEFAULT NULL, "data_type" varchar(255) DEFAULT NULL, "data" text DEFAULT NULL, "created_at" datetime DEFAULT NULL) [0m
  [4;36;1mSQL (0.000000)[0m   [0;1mSQLite3::SQLException: no such table: selectors: DROP TABLE selectors[0m
  [4;35;1mSQL (0.002693)[0m   [0mCREATE TABLE selectors ("id" INTEGER PRIMARY KEY NOT NULL, "column_values" text DEFAULT NULL, "dynamic_columns" text DEFAULT NULL, "group" text DEFAULT NULL, "order" text DEFAULT NULL, "limit" varchar(255) DEFAULT NULL, "filter" varchar(255) DEFAULT NULL) [0m
  [4;36;1mSQL (0.002612)[0m   [0;1mCREATE TABLE schema_info (version integer)[0m
  [4;35;1mSQL (0.002657)[0m   [0mINSERT INTO schema_info (version) VALUES(0)[0m
  [4;36;1mSQL (0.002101)[0m   [0;1mUPDATE schema_info SET version = 2[0m
  [4;36;1mSQL (0.001444)[0m   [0;1mSELECT * FROM schema_info[0m
  [4;35;1mSQL (0.000528)[0m   [0mSELECT name FROM sqlite_master WHERE type = 'table'[0m
  [4;36;1mSQL (0.000103)[0m   [0;1mPRAGMA index_list(results)[0m
  [4;35;1mSQL (0.000084)[0m   [0mPRAGMA index_list(selectors)[0m
  [4;36;1mSQL (0.000000)[0m   [0;1mSQLite3::SQLException: no such table: results: DROP TABLE results[0m
  [4;35;1mSQL (0.012371)[0m   [0mCREATE TABLE results ("id" INTEGER PRIMARY KEY NOT NULL, "pws" varchar(255) DEFAULT NULL, "cws" varchar(255) DEFAULT NULL, "builder" varchar(255) DEFAULT NULL, "host" varchar(255) DEFAULT NULL, "build_number" integer DEFAULT NULL, "data_type" varchar(255) DEFAULT NULL, "data" text DEFAULT NULL, "created_at" datetime DEFAULT NULL) [0m
  [4;36;1mSQL (0.000000)[0m   [0;1mSQLite3::SQLException: no such table: selectors: DROP TABLE selectors[0m
  [4;35;1mSQL (0.002672)[0m   [0mCREATE TABLE selectors ("id" INTEGER PRIMARY KEY NOT NULL, "column_values" text DEFAULT NULL, "dynamic_columns" text DEFAULT NULL, "group" text DEFAULT NULL, "order" text DEFAULT NULL, "limit" varchar(255) DEFAULT NULL, "filter" varchar(255) DEFAULT NULL) [0m
  [4;36;1mSQL (0.002652)[0m   [0;1mCREATE TABLE schema_info (version integer)[0m
  [4;35;1mSQL (0.002080)[0m   [0mINSERT INTO schema_info (version) VALUES(0)[0m
  [4;36;1mSQL (0.002071)[0m   [0;1mUPDATE schema_info SET version = 2[0m
  [4;36;1mSQL (0.001404)[0m   [0;1mSELECT * FROM schema_info[0m
  [4;35;1mSQL (0.000529)[0m   [0mSELECT name FROM sqlite_master WHERE type = 'table'[0m
  [4;36;1mSQL (0.000100)[0m   [0;1mPRAGMA index_list(results)[0m
  [4;35;1mSQL (0.000076)[0m   [0mPRAGMA index_list(selectors)[0m
  [4;36;1mSQL (0.000000)[0m   [0;1mSQLite3::SQLException: no such table: results: DROP TABLE results[0m
  [4;35;1mSQL (0.007445)[0m   [0mCREATE TABLE results ("id" INTEGER PRIMARY KEY NOT NULL, "pws" varchar(255) DEFAULT NULL, "cws" varchar(255) DEFAULT NULL, "builder" varchar(255) DEFAULT NULL, "host" varchar(255) DEFAULT NULL, "build_number" integer DEFAULT NULL, "data_type" varchar(255) DEFAULT NULL, "data" text DEFAULT NULL, "created_at" datetime DEFAULT NULL) [0m
  [4;36;1mSQL (0.000000)[0m   [0;1mSQLite3::SQLException: no such table: selectors: DROP TABLE selectors[0m
  [4;35;1mSQL (0.002675)[0m   [0mCREATE TABLE selectors ("id" INTEGER PRIMARY KEY NOT NULL, "column_values" text DEFAULT NULL, "dynamic_columns" text DEFAULT NULL, "group" text DEFAULT NULL, "order" text DEFAULT NULL, "limit" varchar(255) DEFAULT NULL, "filter" varchar(255) DEFAULT NULL) [0m
  [4;36;1mSQL (0.002562)[0m   [0;1mCREATE TABLE schema_info (version integer)[0m
  [4;35;1mSQL (0.002119)[0m   [0mINSERT INTO schema_info (version) VALUES(0)[0m
  [4;36;1mSQL (0.002101)[0m   [0;1mUPDATE schema_info SET version = 2[0m
  [4;36;1mSQL (0.001432)[0m   [0;1mSELECT * FROM schema_info[0m
  [4;35;1mSQL (0.000517)[0m   [0mSELECT name FROM sqlite_master WHERE type = 'table'[0m
  [4;36;1mSQL (0.000102)[0m   [0;1mPRAGMA index_list(results)[0m
  [4;35;1mSQL (0.000075)[0m   [0mPRAGMA index_list(selectors)[0m
  [4;36;1mSQL (0.000000)[0m   [0;1mSQLite3::SQLException: no such table: results: DROP TABLE results[0m
  [4;35;1mSQL (0.007469)[0m   [0mCREATE TABLE results ("id" INTEGER PRIMARY KEY NOT NULL, "pws" varchar(255) DEFAULT NULL, "cws" varchar(255) DEFAULT NULL, "builder" varchar(255) DEFAULT NULL, "host" varchar(255) DEFAULT NULL, "build_number" integer DEFAULT NULL, "data_type" varchar(255) DEFAULT NULL, "data" text DEFAULT NULL, "created_at" datetime DEFAULT NULL) [0m
  [4;36;1mSQL (0.000000)[0m   [0;1mSQLite3::SQLException: no such table: selectors: DROP TABLE selectors[0m
  [4;35;1mSQL (0.002683)[0m   [0mCREATE TABLE selectors ("id" INTEGER PRIMARY KEY NOT NULL, "column_values" text DEFAULT NULL, "dynamic_columns" text DEFAULT NULL, "group" text DEFAULT NULL, "order" text DEFAULT NULL, "limit" varchar(255) DEFAULT NULL, "filter" varchar(255) DEFAULT NULL) [0m
  [4;36;1mSQL (0.002581)[0m   [0;1mCREATE TABLE schema_info (version integer)[0m
  [4;35;1mSQL (0.002070)[0m   [0mINSERT INTO schema_info (version) VALUES(0)[0m
  [4;36;1mSQL (0.002132)[0m   [0;1mUPDATE schema_info SET version = 2[0m
  [4;36;1mSQL (0.001422)[0m   [0;1mSELECT * FROM schema_info[0m
  [4;35;1mSQL (0.000534)[0m   [0mSELECT name FROM sqlite_master WHERE type = 'table'[0m
  [4;36;1mSQL (0.000108)[0m   [0;1mPRAGMA index_list(results)[0m
  [4;35;1mSQL (0.000082)[0m   [0mPRAGMA index_list(selectors)[0m
  [4;36;1mSQL (0.000000)[0m   [0;1mSQLite3::SQLException: no such table: results: DROP TABLE results[0m
  [4;35;1mSQL (0.007536)[0m   [0mCREATE TABLE results ("id" INTEGER PRIMARY KEY NOT NULL, "pws" varchar(255) DEFAULT NULL, "cws" varchar(255) DEFAULT NULL, "builder" varchar(255) DEFAULT NULL, "host" varchar(255) DEFAULT NULL, "build_number" integer DEFAULT NULL, "data_type" varchar(255) DEFAULT NULL, "data" text DEFAULT NULL, "created_at" datetime DEFAULT NULL) [0m
  [4;36;1mSQL (0.000000)[0m   [0;1mSQLite3::SQLException: no such table: selectors: DROP TABLE selectors[0m
  [4;35;1mSQL (0.002722)[0m   [0mCREATE TABLE selectors ("id" INTEGER PRIMARY KEY NOT NULL, "column_values" text DEFAULT NULL, "dynamic_columns" text DEFAULT NULL, "group" text DEFAULT NULL, "order" text DEFAULT NULL, "limit" varchar(255) DEFAULT NULL, "filter" varchar(255) DEFAULT NULL) [0m
  [4;36;1mSQL (0.002763)[0m   [0;1mCREATE TABLE schema_info (version integer)[0m
  [4;35;1mSQL (0.002059)[0m   [0mINSERT INTO schema_info (version) VALUES(0)[0m
  [4;36;1mSQL (0.002147)[0m   [0;1mUPDATE schema_info SET version = 2[0m
  [4;36;1mSQL (0.001579)[0m   [0;1mSELECT * FROM schema_info[0m
  [4;35;1mSQL (0.000539)[0m   [0mSELECT name FROM sqlite_master WHERE type = 'table'[0m
  [4;36;1mSQL (0.000101)[0m   [0;1mPRAGMA index_list(results)[0m
  [4;35;1mSQL (0.000080)[0m   [0mPRAGMA index_list(selectors)[0m
  [4;36;1mSQL (0.000000)[0m   [0;1mSQLite3::SQLException: no such table: results: DROP TABLE results[0m
  [4;35;1mSQL (0.024141)[0m   [0mCREATE TABLE results ("id" INTEGER PRIMARY KEY NOT NULL, "pws" varchar(255) DEFAULT NULL, "cws" varchar(255) DEFAULT NULL, "builder" varchar(255) DEFAULT NULL, "host" varchar(255) DEFAULT NULL, "build_number" integer DEFAULT NULL, "data_type" varchar(255) DEFAULT NULL, "data" text DEFAULT NULL, "created_at" datetime DEFAULT NULL) [0m
  [4;36;1mSQL (0.000000)[0m   [0;1mSQLite3::SQLException: no such table: selectors: DROP TABLE selectors[0m
  [4;35;1mSQL (0.002752)[0m   [0mCREATE TABLE selectors ("id" INTEGER PRIMARY KEY NOT NULL, "column_values" text DEFAULT NULL, "dynamic_columns" text DEFAULT NULL, "group" text DEFAULT NULL, "order" text DEFAULT NULL, "limit" varchar(255) DEFAULT NULL, "filter" varchar(255) DEFAULT NULL) [0m
  [4;36;1mSQL (0.002603)[0m   [0;1mCREATE TABLE schema_info (version integer)[0m
  [4;35;1mSQL (0.002176)[0m   [0mINSERT INTO schema_info (version) VALUES(0)[0m
  [4;36;1mSQL (0.002107)[0m   [0;1mUPDATE schema_info SET version = 2[0m
  [4;36;1mSQL (0.001404)[0m   [0;1mSELECT * FROM schema_info[0m
  [4;35;1mSQL (0.000529)[0m   [0mSELECT name FROM sqlite_master WHERE type = 'table'[0m
  [4;36;1mSQL (0.000102)[0m   [0;1mPRAGMA index_list(results)[0m
  [4;35;1mSQL (0.000078)[0m   [0mPRAGMA index_list(selectors)[0m
  [4;36;1mSQL (0.000000)[0m   [0;1mSQLite3::SQLException: no such table: results: DROP TABLE results[0m
  [4;35;1mSQL (0.115785)[0m   [0mCREATE TABLE results ("id" INTEGER PRIMARY KEY NOT NULL, "pws" varchar(255) DEFAULT NULL, "cws" varchar(255) DEFAULT NULL, "builder" varchar(255) DEFAULT NULL, "host" varchar(255) DEFAULT NULL, "build_number" integer DEFAULT NULL, "data_type" varchar(255) DEFAULT NULL, "data" text DEFAULT NULL, "created_at" datetime DEFAULT NULL) [0m
  [4;36;1mSQL (0.000000)[0m   [0;1mSQLite3::SQLException: no such table: selectors: DROP TABLE selectors[0m
  [4;35;1mSQL (0.089887)[0m   [0mCREATE TABLE selectors ("id" INTEGER PRIMARY KEY NOT NULL, "column_values" text DEFAULT NULL, "dynamic_columns" text DEFAULT NULL, "group" text DEFAULT NULL, "order" text DEFAULT NULL, "limit" varchar(255) DEFAULT NULL, "filter" varchar(255) DEFAULT NULL) [0m
  [4;36;1mSQL (0.142186)[0m   [0;1mCREATE TABLE schema_info (version integer)[0m
  [4;35;1mSQL (0.266584)[0m   [0mINSERT INTO schema_info (version) VALUES(0)[0m
  [4;36;1mSQL (0.065108)[0m   [0;1mUPDATE schema_info SET version = 2[0m
  [4;36;1mSQL (0.001456)[0m   [0;1mSELECT * FROM schema_info[0m
  [4;35;1mSQL (0.000625)[0m   [0mSELECT name FROM sqlite_master WHERE type = 'table'[0m
  [4;36;1mSQL (0.000102)[0m   [0;1mPRAGMA index_list(results)[0m
  [4;35;1mSQL (0.000096)[0m   [0mPRAGMA index_list(selectors)[0m
  [4;36;1mSQL (0.000000)[0m   [0;1mSQLite3::SQLException: no such table: results: DROP TABLE results[0m
  [4;35;1mSQL (0.187476)[0m   [0mCREATE TABLE results ("id" INTEGER PRIMARY KEY NOT NULL, "pws" varchar(255) DEFAULT NULL, "cws" varchar(255) DEFAULT NULL, "builder" varchar(255) DEFAULT NULL, "host" varchar(255) DEFAULT NULL, "build_number" integer DEFAULT NULL, "data_type" varchar(255) DEFAULT NULL, "data" text DEFAULT NULL, "created_at" datetime DEFAULT NULL) [0m
  [4;36;1mSQL (0.000000)[0m   [0;1mSQLite3::SQLException: no such table: selectors: DROP TABLE selectors[0m
  [4;35;1mSQL (0.124215)[0m   [0mCREATE TABLE selectors ("id" INTEGER PRIMARY KEY NOT NULL, "column_values" text DEFAULT NULL, "dynamic_columns" text DEFAULT NULL, "group" text DEFAULT NULL, "order" text DEFAULT NULL, "limit" varchar(255) DEFAULT NULL, "filter" varchar(255) DEFAULT NULL) [0m
  [4;36;1mSQL (0.127375)[0m   [0;1mCREATE TABLE schema_info (version integer)[0m
  [4;35;1mSQL (0.092752)[0m   [0mINSERT INTO schema_info (version) VALUES(0)[0m
  [4;36;1mSQL (0.103552)[0m   [0;1mUPDATE schema_info SET version = 2[0m
  [4;36;1mSQL (0.001858)[0m   [0;1mSELECT * FROM schema_info[0m
  [4;35;1mSQL (0.000573)[0m   [0mSELECT name FROM sqlite_master WHERE type = 'table'[0m
  [4;36;1mSQL (0.000118)[0m   [0;1mPRAGMA index_list(results)[0m
  [4;35;1mSQL (0.000097)[0m   [0mPRAGMA index_list(selectors)[0m
  [4;36;1mSQL (0.000000)[0m   [0;1mSQLite3::SQLException: no such table: results: DROP TABLE results[0m
  [4;35;1mSQL (0.150043)[0m   [0mCREATE TABLE results ("id" INTEGER PRIMARY KEY NOT NULL, "pws" varchar(255) DEFAULT NULL, "cws" varchar(255) DEFAULT NULL, "builder" varchar(255) DEFAULT NULL, "host" varchar(255) DEFAULT NULL, "build_number" integer DEFAULT NULL, "data_type" varchar(255) DEFAULT NULL, "data" text DEFAULT NULL, "created_at" datetime DEFAULT NULL) [0m
  [4;36;1mSQL (0.000000)[0m   [0;1mSQLite3::SQLException: no such table: selectors: DROP TABLE selectors[0m
  [4;35;1mSQL (0.175744)[0m   [0mCREATE TABLE selectors ("id" INTEGER PRIMARY KEY NOT NULL, "column_values" text DEFAULT NULL, "dynamic_columns" text DEFAULT NULL, "group" text DEFAULT NULL, "order" text DEFAULT NULL, "limit" varchar(255) DEFAULT NULL, "filter" varchar(255) DEFAULT NULL) [0m
  [4;36;1mSQL (0.146608)[0m   [0;1mCREATE TABLE schema_info (version integer)[0m
  [4;35;1mSQL (0.151639)[0m   [0mINSERT INTO schema_info (version) VALUES(0)[0m
  [4;36;1mSQL (0.212628)[0m   [0;1mUPDATE schema_info SET version = 2[0m
  [4;36;1mSQL (0.001522)[0m   [0;1mSELECT * FROM schema_info[0m
  [4;35;1mSQL (0.000525)[0m   [0mSELECT name FROM sqlite_master WHERE type = 'table'[0m
  [4;36;1mSQL (0.000099)[0m   [0;1mPRAGMA index_list(results)[0m
  [4;35;1mSQL (0.000078)[0m   [0mPRAGMA index_list(selectors)[0m
  [4;36;1mSQL (0.000000)[0m   [0;1mSQLite3::SQLException: no such table: results: DROP TABLE results[0m
  [4;35;1mSQL (0.126606)[0m   [0mCREATE TABLE results ("id" INTEGER PRIMARY KEY NOT NULL, "pws" varchar(255) DEFAULT NULL, "cws" varchar(255) DEFAULT NULL, "builder" varchar(255) DEFAULT NULL, "host" varchar(255) DEFAULT NULL, "build_number" integer DEFAULT NULL, "data_type" varchar(255) DEFAULT NULL, "data" text DEFAULT NULL, "created_at" datetime DEFAULT NULL) [0m
  [4;36;1mSQL (0.000000)[0m   [0;1mSQLite3::SQLException: no such table: selectors: DROP TABLE selectors[0m
  [4;35;1mSQL (0.133636)[0m   [0mCREATE TABLE selectors ("id" INTEGER PRIMARY KEY NOT NULL, "column_values" text DEFAULT NULL, "dynamic_columns" text DEFAULT NULL, "group" text DEFAULT NULL, "order" text DEFAULT NULL, "limit" varchar(255) DEFAULT NULL, "filter" varchar(255) DEFAULT NULL) [0m
  [4;36;1mSQL (0.123745)[0m   [0;1mCREATE TABLE schema_info (version integer)[0m
  [4;35;1mSQL (0.159001)[0m   [0mINSERT INTO schema_info (version) VALUES(0)[0m
  [4;36;1mSQL (0.086557)[0m   [0;1mUPDATE schema_info SET version = 2[0m
  [4;36;1mSQL (0.001454)[0m   [0;1mSELECT * FROM schema_info[0m
  [4;35;1mSQL (0.000614)[0m   [0mSELECT name FROM sqlite_master WHERE type = 'table'[0m
  [4;36;1mSQL (0.000097)[0m   [0;1mPRAGMA index_list(results)[0m
  [4;35;1mSQL (0.000075)[0m   [0mPRAGMA index_list(selectors)[0m
  [4;36;1mSQL (0.000000)[0m   [0;1mSQLite3::SQLException: no such table: results: DROP TABLE results[0m
  [4;35;1mSQL (0.055088)[0m   [0mCREATE TABLE results ("id" INTEGER PRIMARY KEY NOT NULL, "pws" varchar(255) DEFAULT NULL, "cws" varchar(255) DEFAULT NULL, "builder" varchar(255) DEFAULT NULL, "host" varchar(255) DEFAULT NULL, "build_number" integer DEFAULT NULL, "data_type" varchar(255) DEFAULT NULL, "data" text DEFAULT NULL, "created_at" datetime DEFAULT NULL) [0m
  [4;36;1mSQL (0.000000)[0m   [0;1mSQLite3::SQLException: no such table: selectors: DROP TABLE selectors[0m
  [4;35;1mSQL (0.109559)[0m   [0mCREATE TABLE selectors ("id" INTEGER PRIMARY KEY NOT NULL, "column_values" text DEFAULT NULL, "dynamic_columns" text DEFAULT NULL, "group" text DEFAULT NULL, "order" text DEFAULT NULL, "limit" varchar(255) DEFAULT NULL, "filter" varchar(255) DEFAULT NULL) [0m
  [4;36;1mSQL (0.130569)[0m   [0;1mCREATE TABLE schema_info (version integer)[0m
  [4;35;1mSQL (0.116424)[0m   [0mINSERT INTO schema_info (version) VALUES(0)[0m
  [4;36;1mSQL (0.088352)[0m   [0;1mUPDATE schema_info SET version = 2[0m
  [4;36;1mSQL (0.001447)[0m   [0;1mSELECT * FROM schema_info[0m
  [4;35;1mSQL (0.000520)[0m   [0mSELECT name FROM sqlite_master WHERE type = 'table'[0m
  [4;36;1mSQL (0.000097)[0m   [0;1mPRAGMA index_list(results)[0m
  [4;35;1mSQL (0.000080)[0m   [0mPRAGMA index_list(selectors)[0m
  [4;36;1mSQL (0.000000)[0m   [0;1mSQLite3::SQLException: no such table: results: DROP TABLE results[0m
  [4;35;1mSQL (0.064967)[0m   [0mCREATE TABLE results ("id" INTEGER PRIMARY KEY NOT NULL, "pws" varchar(255) DEFAULT NULL, "cws" varchar(255) DEFAULT NULL, "builder" varchar(255) DEFAULT NULL, "host" varchar(255) DEFAULT NULL, "build_number" integer DEFAULT NULL, "data_type" varchar(255) DEFAULT NULL, "data" text DEFAULT NULL, "created_at" datetime DEFAULT NULL) [0m
  [4;36;1mSQL (0.000000)[0m   [0;1mSQLite3::SQLException: no such table: selectors: DROP TABLE selectors[0m
  [4;35;1mSQL (0.189587)[0m   [0mCREATE TABLE selectors ("id" INTEGER PRIMARY KEY NOT NULL, "column_values" text DEFAULT NULL, "dynamic_columns" text DEFAULT NULL, "group" text DEFAULT NULL, "order" text DEFAULT NULL, "limit" varchar(255) DEFAULT NULL, "filter" varchar(255) DEFAULT NULL) [0m
  [4;36;1mSQL (0.145133)[0m   [0;1mCREATE TABLE schema_info (version integer)[0m
  [4;35;1mSQL (0.194582)[0m   [0mINSERT INTO schema_info (version) VALUES(0)[0m
  [4;36;1mSQL (0.132802)[0m   [0;1mUPDATE schema_info SET version = 2[0m
  [4;36;1mSQL (0.001455)[0m   [0;1mSELECT * FROM schema_info[0m
  [4;35;1mSQL (0.000603)[0m   [0mSELECT name FROM sqlite_master WHERE type = 'table'[0m
  [4;36;1mSQL (0.000098)[0m   [0;1mPRAGMA index_list(results)[0m
  [4;35;1mSQL (0.000082)[0m   [0mPRAGMA index_list(selectors)[0m
  [4;36;1mSQL (0.000000)[0m   [0;1mSQLite3::SQLException: no such table: results: DROP TABLE results[0m
  [4;35;1mSQL (0.012042)[0m   [0mCREATE TABLE results ("id" INTEGER PRIMARY KEY NOT NULL, "pws" varchar(255) DEFAULT NULL, "cws" varchar(255) DEFAULT NULL, "builder" varchar(255) DEFAULT NULL, "host" varchar(255) DEFAULT NULL, "build_number" integer DEFAULT NULL, "data_type" varchar(255) DEFAULT NULL, "data" text DEFAULT NULL, "created_at" datetime DEFAULT NULL) [0m
  [4;36;1mSQL (0.000000)[0m   [0;1mSQLite3::SQLException: no such table: selectors: DROP TABLE selectors[0m
  [4;35;1mSQL (0.002674)[0m   [0mCREATE TABLE selectors ("id" INTEGER PRIMARY KEY NOT NULL, "column_values" text DEFAULT NULL, "dynamic_columns" text DEFAULT NULL, "group" text DEFAULT NULL, "order" text DEFAULT NULL, "limit" varchar(255) DEFAULT NULL, "filter" varchar(255) DEFAULT NULL) [0m
  [4;36;1mSQL (0.002851)[0m   [0;1mCREATE TABLE schema_info (version integer)[0m
  [4;35;1mSQL (0.002154)[0m   [0mINSERT INTO schema_info (version) VALUES(0)[0m
  [4;36;1mSQL (0.002115)[0m   [0;1mUPDATE schema_info SET version = 2[0m
